{"total": {"lines":{"total":18835,"covered":13996,"skipped":0,"pct":74.3},"statements":{"total":22505,"covered":16185,"skipped":0,"pct":71.91},"functions":{"total":3708,"covered":2650,"skipped":0,"pct":71.46},"branches":{"total":20566,"covered":12679,"skipped":0,"pct":61.65},"branchesTrue":{"total":0,"covered":0,"skipped":0,"pct":100}}
,"/home/runner/work/1plus1gold/1plus1gold/vercel.json": {"lines":{"total":2,"covered":2,"skipped":0,"pct":100},"functions":{"total":0,"covered":0,"skipped":0,"pct":100},"statements":{"total":2,"covered":2,"skipped":0,"pct":100},"branches":{"total":0,"covered":0,"skipped":0,"pct":100}}
,"/home/runner/work/1plus1gold/1plus1gold/src/instrumentation.ts": {"lines":{"total":13,"covered":12,"skipped":0,"pct":92.3},"functions":{"total":1,"covered":1,"skipped":0,"pct":100},"statements":{"total":15,"covered":13,"skipped":0,"pct":86.66},"branches":{"total":21,"covered":14,"skipped":0,"pct":66.66}}
,"/home/runner/work/1plus1gold/1plus1gold/src/proxy.ts": {"lines":{"total":106,"covered":80,"skipped":0,"pct":75.47},"functions":{"total":13,"covered":9,"skipped":0,"pct":69.23},"statements":{"total":111,"covered":84,"skipped":0,"pct":75.67},"branches":{"total":102,"covered":68,"skipped":0,"pct":66.66}}
,"/home/runner/work/1plus1gold/1plus1gold/src/__tests__/stubs/server-only.ts": {"lines":{"total":0,"covered":0,"skipped":0,"pct":0},"functions":{"total":0,"covered":0,"skipped":0,"pct":0},"statements":{"total":0,"covered":0,"skipped":0,"pct":0},"branches":{"total":0,"covered":0,"skipped":0,"pct":0}}
,"/home/runner/work/1plus1gold/1plus1gold/src/app/api/account/cards/gift-message/route.ts": {"lines":{"total":30,"covered":28,"skipped":0,"pct":93.33},"functions":{"total":1,"covered":1,"skipped":0,"pct":100},"statements":{"total":34,"covered":30,"skipped":0,"pct":88.23},"branches":{"total":26,"covered":22,"skipped":0,"pct":84.61}}
,"/home/runner/work/1plus1gold/1plus1gold/src/app/api/account/cards/send-gift/route.ts": {"lines":{"total":45,"covered":42,"skipped":0,"pct":93.33},"functions":{"total":2,"covered":2,"skipped":0,"pct":100},"statements":{"total":53,"covered":45,"skipped":0,"pct":84.9},"branches":{"total":42,"covered":32,"skipped":0,"pct":76.19}}
,"/home/runner/work/1plus1gold/1plus1gold/src/app/api/account/delete/route.ts": {"lines":{"total":30,"covered":23,"skipped":0,"pct":76.66},"functions":{"total":2,"covered":1,"skipped":0,"pct":50},"statements":{"total":32,"covered":24,"skipped":0,"pct":75},"branches":{"total":10,"covered":7,"skipped":0,"pct":70}}
,"/home/runner/work/1plus1gold/1plus1gold/src/app/api/account/external-claims/route.ts": {"lines":{"total":9,"covered":9,"skipped":0,"pct":100},"functions":{"total":2,"covered":1,"skipped":0,"pct":50},"statements":{"total":12,"covered":10,"skipped":0,"pct":83.33},"branches":{"total":6,"covered":4,"skipped":0,"pct":66.66}}
,"/home/runner/work/1plus1gold/1plus1gold/src/app/api/account/external-claims/lookup/route.ts": {"lines":{"total":16,"covered":15,"skipped":0,"pct":93.75},"functions":{"total":1,"covered":1,"skipped":0,"pct":100},"statements":{"total":18,"covered":16,"skipped":0,"pct":88.88},"branches":{"total":11,"covered":9,"skipped":0,"pct":81.81}}
,"/home/runner/work/1plus1gold/1plus1gold/src/app/api/account/external-claims/submit/route.ts": {"lines":{"total":30,"covered":26,"skipped":0,"pct":86.66},"functions":{"total":3,"covered":2,"skipped":0,"pct":66.66},"statements":{"total":32,"covered":27,"skipped":0,"pct":84.37},"branches":{"total":20,"covered":16,"skipped":0,"pct":80}}
,"/home/runner/work/1plus1gold/1plus1gold/src/app/api/account/gold-life-budget/route.ts": {"lines":{"total":41,"covered":37,"skipped":0,"pct":90.24},"functions":{"total":7,"covered":5,"skipped":0,"pct":71.42},"statements":{"total":50,"covered":42,"skipped":0,"pct":84},"branches":{"total":35,"covered":28,"skipped":0,"pct":80}}
,"/home/runner/work/1plus1gold/1plus1gold/src/app/api/account/identities/route.ts": {"lines":{"total":39,"covered":26,"skipped":0,"pct":66.66},"functions":{"total":4,"covered":4,"skipped":0,"pct":100},"statements":{"total":44,"covered":29,"skipped":0,"pct":65.9},"branches":{"total":35,"covered":19,"skipped":0,"pct":54.28}}
,"/home/runner/work/1plus1gold/1plus1gold/src/app/api/account/notification-preferences/route.ts": {"lines":{"total":29,"covered":28,"skipped":0,"pct":96.55},"functions":{"total":3,"covered":3,"skipped":0,"pct":100},"statements":{"total":33,"covered":32,"skipped":0,"pct":96.96},"branches":{"total":18,"covered":16,"skipped":0,"pct":88.88}}
,"/home/runner/work/1plus1gold/1plus1gold/src/app/api/account/self-limit/route.ts": {"lines":{"total":14,"covered":10,"skipped":0,"pct":71.42},"functions":{"total":2,"covered":1,"skipped":0,"pct":50},"statements":{"total":15,"covered":11,"skipped":0,"pct":73.33},"branches":{"total":8,"covered":4,"skipped":0,"pct":50}}
,"/home/runner/work/1plus1gold/1plus1gold/src/app/api/address/lookup/route.ts": {"lines":{"total":20,"covered":19,"skipped":0,"pct":95},"functions":{"total":1,"covered":1,"skipped":0,"pct":100},"statements":{"total":21,"covered":20,"skipped":0,"pct":95.23},"branches":{"total":18,"covered":17,"skipped":0,"pct":94.44}}
,"/home/runner/work/1plus1gold/1plus1gold/src/app/api/admin/[...catchall]/route.ts": {"lines":{"total":11,"covered":11,"skipped":0,"pct":100},"functions":{"total":1,"covered":1,"skipped":0,"pct":100},"statements":{"total":11,"covered":11,"skipped":0,"pct":100},"branches":{"total":2,"covered":2,"skipped":0,"pct":100}}
,"/home/runner/work/1plus1gold/1plus1gold/src/app/api/admin/analytics/acquisition/route.ts": {"lines":{"total":11,"covered":11,"skipped":0,"pct":100},"functions":{"total":1,"covered":1,"skipped":0,"pct":100},"statements":{"total":12,"covered":12,"skipped":0,"pct":100},"branches":{"total":8,"covered":7,"skipped":0,"pct":87.5}}
,"/home/runner/work/1plus1gold/1plus1gold/src/app/api/admin/analytics/cart-interest/route.ts": {"lines":{"total":11,"covered":11,"skipped":0,"pct":100},"functions":{"total":1,"covered":1,"skipped":0,"pct":100},"statements":{"total":12,"covered":12,"skipped":0,"pct":100},"branches":{"total":8,"covered":7,"skipped":0,"pct":87.5}}
,"/home/runner/work/1plus1gold/1plus1gold/src/app/api/admin/compliance/cases/route.ts": {"lines":{"total":20,"covered":20,"skipped":0,"pct":100},"functions":{"total":4,"covered":4,"skipped":0,"pct":100},"statements":{"total":23,"covered":23,"skipped":0,"pct":100},"branches":{"total":24,"covered":19,"skipped":0,"pct":79.16}}
,"/home/runner/work/1plus1gold/1plus1gold/src/app/api/admin/compliance/cases/[id]/route.ts": {"lines":{"total":39,"covered":36,"skipped":0,"pct":92.3},"functions":{"total":1,"covered":1,"skipped":0,"pct":100},"statements":{"total":46,"covered":42,"skipped":0,"pct":91.3},"branches":{"total":37,"covered":33,"skipped":0,"pct":89.18}}
,"/home/runner/work/1plus1gold/1plus1gold/src/app/api/admin/consignment/procurements/route.ts": {"lines":{"total":174,"covered":159,"skipped":0,"pct":91.37},"functions":{"total":13,"covered":8,"skipped":0,"pct":61.53},"statements":{"total":200,"covered":169,"skipped":0,"pct":84.5},"branches":{"total":251,"covered":164,"skipped":0,"pct":65.33}}
,"/home/runner/work/1plus1gold/1plus1gold/src/app/api/admin/consignment/terms/route.ts": {"lines":{"total":105,"covered":20,"skipped":0,"pct":19.04},"functions":{"total":18,"covered":2,"skipped":0,"pct":11.11},"statements":{"total":124,"covered":21,"skipped":0,"pct":16.93},"branches":{"total":151,"covered":7,"skipped":0,"pct":4.63}}
,"/home/runner/work/1plus1gold/1plus1gold/src/app/api/admin/external-claims/route.ts": {"lines":{"total":34,"covered":9,"skipped":0,"pct":26.47},"functions":{"total":9,"covered":1,"skipped":0,"pct":11.11},"statements":{"total":41,"covered":10,"skipped":0,"pct":24.39},"branches":{"total":56,"covered":4,"skipped":0,"pct":7.14}}
,"/home/runner/work/1plus1gold/1plus1gold/src/app/api/admin/external-claims/[id]/route.ts": {"lines":{"total":38,"covered":30,"skipped":0,"pct":78.94},"functions":{"total":6,"covered":5,"skipped":0,"pct":83.33},"statements":{"total":47,"covered":36,"skipped":0,"pct":76.59},"branches":{"total":34,"covered":21,"skipped":0,"pct":61.76}}
,"/home/runner/work/1plus1gold/1plus1gold/src/app/api/admin/external-sales/route.ts": {"lines":{"total":67,"covered":27,"skipped":0,"pct":40.29},"functions":{"total":13,"covered":4,"skipped":0,"pct":30.76},"statements":{"total":80,"covered":29,"skipped":0,"pct":36.25},"branches":{"total":61,"covered":15,"skipped":0,"pct":24.59}}
,"/home/runner/work/1plus1gold/1plus1gold/src/app/api/admin/external-sales/[id]/fulfil/route.ts": {"lines":{"total":91,"covered":74,"skipped":0,"pct":81.31},"functions":{"total":8,"covered":5,"skipped":0,"pct":62.5},"statements":{"total":101,"covered":76,"skipped":0,"pct":75.24},"branches":{"total":131,"covered":104,"skipped":0,"pct":79.38}}
,"/home/runner/work/1plus1gold/1plus1gold/src/app/api/admin/finance/money-map/route.ts": {"lines":{"total":105,"covered":37,"skipped":0,"pct":35.23},"functions":{"total":35,"covered":2,"skipped":0,"pct":5.71},"statements":{"total":144,"covered":40,"skipped":0,"pct":27.77},"branches":{"total":120,"covered":24,"skipped":0,"pct":20}}
,"/home/runner/work/1plus1gold/1plus1gold/src/app/api/admin/finance/money-map/reach/route.ts": {"lines":{"total":101,"covered":60,"skipped":0,"pct":59.4},"functions":{"total":29,"covered":5,"skipped":0,"pct":17.24},"statements":{"total":136,"covered":63,"skipped":0,"pct":46.32},"branches":{"total":111,"covered":23,"skipped":0,"pct":20.72}}
,"/home/runner/work/1plus1gold/1plus1gold/src/app/api/admin/finance/statements-archive/route.ts": {"lines":{"total":30,"covered":20,"skipped":0,"pct":66.66},"functions":{"total":3,"covered":1,"skipped":0,"pct":33.33},"statements":{"total":36,"covered":22,"skipped":0,"pct":61.11},"branches":{"total":28,"covered":16,"skipped":0,"pct":57.14}}
,"/home/runner/work/1plus1gold/1plus1gold/src/app/api/admin/gold-yield/overview/route.ts": {"lines":{"total":34,"covered":28,"skipped":0,"pct":82.35},"functions":{"total":8,"covered":8,"skipped":0,"pct":100},"statements":{"total":37,"covered":29,"skipped":0,"pct":78.37},"branches":{"total":34,"covered":24,"skipped":0,"pct":70.58}}
,"/home/runner/work/1plus1gold/1plus1gold/src/app/api/admin/gold-yield/payout/route.ts": {"lines":{"total":21,"covered":19,"skipped":0,"pct":90.47},"functions":{"total":2,"covered":1,"skipped":0,"pct":50},"statements":{"total":24,"covered":22,"skipped":0,"pct":91.66},"branches":{"total":24,"covered":20,"skipped":0,"pct":83.33}}
,"/home/runner/work/1plus1gold/1plus1gold/src/app/api/admin/inventory/[id]/route.ts": {"lines":{"total":28,"covered":26,"skipped":0,"pct":92.85},"functions":{"total":3,"covered":3,"skipped":0,"pct":100},"statements":{"total":32,"covered":30,"skipped":0,"pct":93.75},"branches":{"total":20,"covered":18,"skipped":0,"pct":90}}
,"/home/runner/work/1plus1gold/1plus1gold/src/app/api/admin/lamination/route.ts": {"lines":{"total":60,"covered":21,"skipped":0,"pct":35},"functions":{"total":1,"covered":1,"skipped":0,"pct":100},"statements":{"total":65,"covered":22,"skipped":0,"pct":33.84},"branches":{"total":60,"covered":16,"skipped":0,"pct":26.66}}
,"/home/runner/work/1plus1gold/1plus1gold/src/app/api/admin/lamination/parents/route.ts": {"lines":{"total":30,"covered":23,"skipped":0,"pct":76.66},"functions":{"total":5,"covered":5,"skipped":0,"pct":100},"statements":{"total":33,"covered":26,"skipped":0,"pct":78.78},"branches":{"total":26,"covered":14,"skipped":0,"pct":53.84}}
,"/home/runner/work/1plus1gold/1plus1gold/src/app/api/admin/lamination/parents/[id]/serials/route.ts": {"lines":{"total":24,"covered":24,"skipped":0,"pct":100},"functions":{"total":4,"covered":4,"skipped":0,"pct":100},"statements":{"total":27,"covered":27,"skipped":0,"pct":100},"branches":{"total":18,"covered":15,"skipped":0,"pct":83.33}}
,"/home/runner/work/1plus1gold/1plus1gold/src/app/api/admin/ledger/route.ts": {"lines":{"total":68,"covered":42,"skipped":0,"pct":61.76},"functions":{"total":2,"covered":1,"skipped":0,"pct":50},"statements":{"total":83,"covered":47,"skipped":0,"pct":56.62},"branches":{"total":110,"covered":61,"skipped":0,"pct":55.45}}
,"/home/runner/work/1plus1gold/1plus1gold/src/app/api/admin/login/route.ts": {"lines":{"total":47,"covered":42,"skipped":0,"pct":89.36},"functions":{"total":4,"covered":2,"skipped":0,"pct":50},"statements":{"total":51,"covered":44,"skipped":0,"pct":86.27},"branches":{"total":40,"covered":33,"skipped":0,"pct":82.5}}
,"/home/runner/work/1plus1gold/1plus1gold/src/app/api/admin/marketing/drafts/[id]/route.ts": {"lines":{"total":55,"covered":53,"skipped":0,"pct":96.36},"functions":{"total":1,"covered":1,"skipped":0,"pct":100},"statements":{"total":62,"covered":54,"skipped":0,"pct":87.09},"branches":{"total":61,"covered":49,"skipped":0,"pct":80.32}}
,"/home/runner/work/1plus1gold/1plus1gold/src/app/api/admin/marketing/pieces/[id]/brief/route.ts": {"lines":{"total":21,"covered":19,"skipped":0,"pct":90.47},"functions":{"total":1,"covered":1,"skipped":0,"pct":100},"statements":{"total":26,"covered":24,"skipped":0,"pct":92.3},"branches":{"total":18,"covered":16,"skipped":0,"pct":88.88}}
,"/home/runner/work/1plus1gold/1plus1gold/src/app/api/admin/marketing/pieces/[id]/skip-channel/route.ts": {"lines":{"total":36,"covered":32,"skipped":0,"pct":88.88},"functions":{"total":1,"covered":1,"skipped":0,"pct":100},"statements":{"total":42,"covered":34,"skipped":0,"pct":80.95},"branches":{"total":30,"covered":21,"skipped":0,"pct":70}}
,"/home/runner/work/1plus1gold/1plus1gold/src/app/api/admin/newsletters/[id]/route.ts": {"lines":{"total":36,"covered":11,"skipped":0,"pct":30.55},"functions":{"total":3,"covered":1,"skipped":0,"pct":33.33},"statements":{"total":45,"covered":12,"skipped":0,"pct":26.66},"branches":{"total":28,"covered":6,"skipped":0,"pct":21.42}}
,"/home/runner/work/1plus1gold/1plus1gold/src/app/api/admin/newsletters/run-now/route.ts": {"lines":{"total":48,"covered":25,"skipped":0,"pct":52.08},"functions":{"total":8,"covered":2,"skipped":0,"pct":25},"statements":{"total":58,"covered":26,"skipped":0,"pct":44.82},"branches":{"total":37,"covered":14,"skipped":0,"pct":37.83}}
,"/home/runner/work/1plus1gold/1plus1gold/src/app/api/admin/ops-notice/route.ts": {"lines":{"total":36,"covered":33,"skipped":0,"pct":91.66},"functions":{"total":3,"covered":3,"skipped":0,"pct":100},"statements":{"total":46,"covered":42,"skipped":0,"pct":91.3},"branches":{"total":32,"covered":29,"skipped":0,"pct":90.62}}
,"/home/runner/work/1plus1gold/1plus1gold/src/app/api/admin/orders/route.ts": {"lines":{"total":18,"covered":16,"skipped":0,"pct":88.88},"functions":{"total":8,"covered":5,"skipped":0,"pct":62.5},"statements":{"total":23,"covered":20,"skipped":0,"pct":86.95},"branches":{"total":38,"covered":26,"skipped":0,"pct":68.42}}
,"/home/runner/work/1plus1gold/1plus1gold/src/app/api/admin/orders/[id]/book-delivery/route.ts": {"lines":{"total":38,"covered":32,"skipped":0,"pct":84.21},"functions":{"total":1,"covered":1,"skipped":0,"pct":100},"statements":{"total":39,"covered":33,"skipped":0,"pct":84.61},"branches":{"total":34,"covered":24,"skipped":0,"pct":70.58}}
,"/home/runner/work/1plus1gold/1plus1gold/src/app/api/admin/orders/[id]/cancel-shipment/route.ts": {"lines":{"total":36,"covered":33,"skipped":0,"pct":91.66},"functions":{"total":1,"covered":1,"skipped":0,"pct":100},"statements":{"total":41,"covered":37,"skipped":0,"pct":90.24},"branches":{"total":36,"covered":28,"skipped":0,"pct":77.77}}
,"/home/runner/work/1plus1gold/1plus1gold/src/app/api/admin/orders/[id]/lalamove-quote/route.ts": {"lines":{"total":25,"covered":19,"skipped":0,"pct":76},"functions":{"total":1,"covered":1,"skipped":0,"pct":100},"statements":{"total":26,"covered":19,"skipped":0,"pct":73.07},"branches":{"total":24,"covered":16,"skipped":0,"pct":66.66}}
,"/home/runner/work/1plus1gold/1plus1gold/src/app/api/admin/orders/[id]/payment/route.ts": {"lines":{"total":19,"covered":16,"skipped":0,"pct":84.21},"functions":{"total":2,"covered":1,"skipped":0,"pct":50},"statements":{"total":20,"covered":17,"skipped":0,"pct":85},"branches":{"total":14,"covered":12,"skipped":0,"pct":85.71}}
,"/home/runner/work/1plus1gold/1plus1gold/src/app/api/admin/orders/[id]/split-invoice/route.ts": {"lines":{"total":64,"covered":59,"skipped":0,"pct":92.18},"functions":{"total":9,"covered":9,"skipped":0,"pct":100},"statements":{"total":79,"covered":71,"skipped":0,"pct":89.87},"branches":{"total":95,"covered":64,"skipped":0,"pct":67.36}}
,"/home/runner/work/1plus1gold/1plus1gold/src/app/api/admin/orders/[id]/status/route.ts": {"lines":{"total":76,"covered":34,"skipped":0,"pct":44.73},"functions":{"total":3,"covered":1,"skipped":0,"pct":33.33},"statements":{"total":87,"covered":35,"skipped":0,"pct":40.22},"branches":{"total":60,"covered":24,"skipped":0,"pct":40}}
,"/home/runner/work/1plus1gold/1plus1gold/src/app/api/admin/orders/[id]/switch-shipper/route.ts": {"lines":{"total":36,"covered":33,"skipped":0,"pct":91.66},"functions":{"total":1,"covered":1,"skipped":0,"pct":100},"statements":{"total":39,"covered":35,"skipped":0,"pct":89.74},"branches":{"total":44,"covered":35,"skipped":0,"pct":79.54}}
,"/home/runner/work/1plus1gold/1plus1gold/src/app/api/admin/orders/batch-lalamove/book/route.ts": {"lines":{"total":43,"covered":37,"skipped":0,"pct":86.04},"functions":{"total":8,"covered":8,"skipped":0,"pct":100},"statements":{"total":50,"covered":43,"skipped":0,"pct":86},"branches":{"total":28,"covered":21,"skipped":0,"pct":75}}
,"/home/runner/work/1plus1gold/1plus1gold/src/app/api/admin/orders/batch-lalamove/quote/route.ts": {"lines":{"total":22,"covered":17,"skipped":0,"pct":77.27},"functions":{"total":4,"covered":4,"skipped":0,"pct":100},"statements":{"total":26,"covered":19,"skipped":0,"pct":73.07},"branches":{"total":10,"covered":5,"skipped":0,"pct":50}}
,"/home/runner/work/1plus1gold/1plus1gold/src/app/api/admin/pricing/quotes/route.ts": {"lines":{"total":62,"covered":62,"skipped":0,"pct":100},"functions":{"total":8,"covered":6,"skipped":0,"pct":75},"statements":{"total":87,"covered":76,"skipped":0,"pct":87.35},"branches":{"total":82,"covered":67,"skipped":0,"pct":81.7}}
,"/home/runner/work/1plus1gold/1plus1gold/src/app/api/admin/pricing/quotes/pdf/route.ts": {"lines":{"total":38,"covered":34,"skipped":0,"pct":89.47},"functions":{"total":4,"covered":3,"skipped":0,"pct":75},"statements":{"total":48,"covered":41,"skipped":0,"pct":85.41},"branches":{"total":41,"covered":33,"skipped":0,"pct":80.48}}
,"/home/runner/work/1plus1gold/1plus1gold/src/app/api/admin/pricing/suppliers/manage/route.ts": {"lines":{"total":86,"covered":75,"skipped":0,"pct":87.2},"functions":{"total":10,"covered":8,"skipped":0,"pct":80},"statements":{"total":108,"covered":86,"skipped":0,"pct":79.62},"branches":{"total":118,"covered":86,"skipped":0,"pct":72.88}}
,"/home/runner/work/1plus1gold/1plus1gold/src/app/api/admin/pricing/suppliers/terms/route.ts": {"lines":{"total":67,"covered":43,"skipped":0,"pct":64.17},"functions":{"total":9,"covered":4,"skipped":0,"pct":44.44},"statements":{"total":87,"covered":48,"skipped":0,"pct":55.17},"branches":{"total":92,"covered":44,"skipped":0,"pct":47.82}}
,"/home/runner/work/1plus1gold/1plus1gold/src/app/api/admin/products/reorder/route.ts": {"lines":{"total":21,"covered":20,"skipped":0,"pct":95.23},"functions":{"total":3,"covered":2,"skipped":0,"pct":66.66},"statements":{"total":25,"covered":23,"skipped":0,"pct":92},"branches":{"total":16,"covered":15,"skipped":0,"pct":93.75}}
,"/home/runner/work/1plus1gold/1plus1gold/src/app/api/admin/promos/route.ts": {"lines":{"total":159,"covered":125,"skipped":0,"pct":78.61},"functions":{"total":12,"covered":9,"skipped":0,"pct":75},"statements":{"total":199,"covered":144,"skipped":0,"pct":72.36},"branches":{"total":273,"covered":173,"skipped":0,"pct":63.36}}
,"/home/runner/work/1plus1gold/1plus1gold/src/app/api/admin/purchase-orders/[id]/route.ts": {"lines":{"total":57,"covered":18,"skipped":0,"pct":31.57},"functions":{"total":6,"covered":1,"skipped":0,"pct":16.66},"statements":{"total":66,"covered":18,"skipped":0,"pct":27.27},"branches":{"total":53,"covered":13,"skipped":0,"pct":24.52}}
,"/home/runner/work/1plus1gold/1plus1gold/src/app/api/admin/referrals/route.ts": {"lines":{"total":31,"covered":31,"skipped":0,"pct":100},"functions":{"total":3,"covered":3,"skipped":0,"pct":100},"statements":{"total":44,"covered":43,"skipped":0,"pct":97.72},"branches":{"total":34,"covered":24,"skipped":0,"pct":70.58}}
,"/home/runner/work/1plus1gold/1plus1gold/src/app/api/admin/serials/[serial]/video/route.ts": {"lines":{"total":31,"covered":31,"skipped":0,"pct":100},"functions":{"total":3,"covered":3,"skipped":0,"pct":100},"statements":{"total":42,"covered":36,"skipped":0,"pct":85.71},"branches":{"total":28,"covered":21,"skipped":0,"pct":75}}
,"/home/runner/work/1plus1gold/1plus1gold/src/app/api/admin/serials/[serial]/video/upload-url/route.ts": {"lines":{"total":25,"covered":25,"skipped":0,"pct":100},"functions":{"total":1,"covered":1,"skipped":0,"pct":100},"statements":{"total":33,"covered":32,"skipped":0,"pct":96.96},"branches":{"total":28,"covered":24,"skipped":0,"pct":85.71}}
,"/home/runner/work/1plus1gold/1plus1gold/src/app/api/admin/serials/photo-inbox/upload-url/route.ts": {"lines":{"total":30,"covered":30,"skipped":0,"pct":100},"functions":{"total":3,"covered":3,"skipped":0,"pct":100},"statements":{"total":41,"covered":38,"skipped":0,"pct":92.68},"branches":{"total":36,"covered":30,"skipped":0,"pct":83.33}}
,"/home/runner/work/1plus1gold/1plus1gold/src/app/api/admin/serials/stamp-parent/route.ts": {"lines":{"total":101,"covered":58,"skipped":0,"pct":57.42},"functions":{"total":11,"covered":5,"skipped":0,"pct":45.45},"statements":{"total":133,"covered":74,"skipped":0,"pct":55.63},"branches":{"total":118,"covered":52,"skipped":0,"pct":44.06}}
,"/home/runner/work/1plus1gold/1plus1gold/src/app/api/admin/shipper-settings/route.ts": {"lines":{"total":49,"covered":39,"skipped":0,"pct":79.59},"functions":{"total":2,"covered":1,"skipped":0,"pct":50},"statements":{"total":56,"covered":43,"skipped":0,"pct":76.78},"branches":{"total":51,"covered":31,"skipped":0,"pct":60.78}}
,"/home/runner/work/1plus1gold/1plus1gold/src/app/api/admin/users/route.ts": {"lines":{"total":30,"covered":28,"skipped":0,"pct":93.33},"functions":{"total":7,"covered":6,"skipped":0,"pct":85.71},"statements":{"total":39,"covered":35,"skipped":0,"pct":89.74},"branches":{"total":81,"covered":72,"skipped":0,"pct":88.88}}
,"/home/runner/work/1plus1gold/1plus1gold/src/app/api/admin/users/[id]/gold-yield-toggle/route.ts": {"lines":{"total":12,"covered":12,"skipped":0,"pct":100},"functions":{"total":1,"covered":1,"skipped":0,"pct":100},"statements":{"total":14,"covered":14,"skipped":0,"pct":100},"branches":{"total":6,"covered":6,"skipped":0,"pct":100}}
,"/home/runner/work/1plus1gold/1plus1gold/src/app/api/admin/vault/audits/route.ts": {"lines":{"total":61,"covered":51,"skipped":0,"pct":83.6},"functions":{"total":8,"covered":4,"skipped":0,"pct":50},"statements":{"total":78,"covered":59,"skipped":0,"pct":75.64},"branches":{"total":67,"covered":42,"skipped":0,"pct":62.68}}
,"/home/runner/work/1plus1gold/1plus1gold/src/app/api/admin/vault/audits/upload-url/route.ts": {"lines":{"total":37,"covered":37,"skipped":0,"pct":100},"functions":{"total":2,"covered":2,"skipped":0,"pct":100},"statements":{"total":47,"covered":44,"skipped":0,"pct":93.61},"branches":{"total":43,"covered":34,"skipped":0,"pct":79.06}}
,"/home/runner/work/1plus1gold/1plus1gold/src/app/api/admin/vault/holdings/[id]/collect-withdrawal/route.ts": {"lines":{"total":27,"covered":17,"skipped":0,"pct":62.96},"functions":{"total":3,"covered":1,"skipped":0,"pct":33.33},"statements":{"total":31,"covered":18,"skipped":0,"pct":58.06},"branches":{"total":23,"covered":13,"skipped":0,"pct":56.52}}
,"/home/runner/work/1plus1gold/1plus1gold/src/app/api/admin/vault/holdings/[id]/dispatch-withdrawal/route.ts": {"lines":{"total":38,"covered":33,"skipped":0,"pct":86.84},"functions":{"total":2,"covered":2,"skipped":0,"pct":100},"statements":{"total":43,"covered":37,"skipped":0,"pct":86.04},"branches":{"total":27,"covered":20,"skipped":0,"pct":74.07}}
,"/home/runner/work/1plus1gold/1plus1gold/src/app/api/admin/vault/holdings/[id]/refresh-withdrawal/route.ts": {"lines":{"total":33,"covered":21,"skipped":0,"pct":63.63},"functions":{"total":4,"covered":2,"skipped":0,"pct":50},"statements":{"total":38,"covered":23,"skipped":0,"pct":60.52},"branches":{"total":36,"covered":20,"skipped":0,"pct":55.55}}
,"/home/runner/work/1plus1gold/1plus1gold/src/app/api/admin/verify-2fa/route.ts": {"lines":{"total":30,"covered":24,"skipped":0,"pct":80},"functions":{"total":1,"covered":1,"skipped":0,"pct":100},"statements":{"total":31,"covered":25,"skipped":0,"pct":80.64},"branches":{"total":13,"covered":12,"skipped":0,"pct":92.3}}
,"/home/runner/work/1plus1gold/1plus1gold/src/app/api/auth/link-phone/route.ts": {"lines":{"total":70,"covered":40,"skipped":0,"pct":57.14},"functions":{"total":5,"covered":1,"skipped":0,"pct":20},"statements":{"total":73,"covered":41,"skipped":0,"pct":56.16},"branches":{"total":58,"covered":20,"skipped":0,"pct":34.48}}
,"/home/runner/work/1plus1gold/1plus1gold/src/app/api/auth/store-review-demo/route.ts": {"lines":{"total":26,"covered":24,"skipped":0,"pct":92.3},"functions":{"total":1,"covered":1,"skipped":0,"pct":100},"statements":{"total":28,"covered":24,"skipped":0,"pct":85.71},"branches":{"total":20,"covered":16,"skipped":0,"pct":80}}
,"/home/runner/work/1plus1gold/1plus1gold/src/app/api/auth/whatsapp-otp/route.ts": {"lines":{"total":49,"covered":24,"skipped":0,"pct":48.97},"functions":{"total":4,"covered":2,"skipped":0,"pct":50},"statements":{"total":53,"covered":25,"skipped":0,"pct":47.16},"branches":{"total":31,"covered":8,"skipped":0,"pct":25.8}}
,"/home/runner/work/1plus1gold/1plus1gold/src/app/api/calculator/simulate/route.ts": {"lines":{"total":22,"covered":18,"skipped":0,"pct":81.81},"functions":{"total":4,"covered":1,"skipped":0,"pct":25},"statements":{"total":22,"covered":18,"skipped":0,"pct":81.81},"branches":{"total":20,"covered":20,"skipped":0,"pct":100}}
,"/home/runner/work/1plus1gold/1plus1gold/src/app/api/coa/claim/route.ts": {"lines":{"total":64,"covered":46,"skipped":0,"pct":71.87},"functions":{"total":6,"covered":4,"skipped":0,"pct":66.66},"statements":{"total":74,"covered":48,"skipped":0,"pct":64.86},"branches":{"total":55,"covered":26,"skipped":0,"pct":47.27}}
,"/home/runner/work/1plus1gold/1plus1gold/src/app/api/coa/verify/route.ts": {"lines":{"total":35,"covered":33,"skipped":0,"pct":94.28},"functions":{"total":5,"covered":4,"skipped":0,"pct":80},"statements":{"total":37,"covered":34,"skipped":0,"pct":91.89},"branches":{"total":59,"covered":47,"skipped":0,"pct":79.66}}
,"/home/runner/work/1plus1gold/1plus1gold/src/app/api/config/route.ts": {"lines":{"total":8,"covered":8,"skipped":0,"pct":100},"functions":{"total":1,"covered":1,"skipped":0,"pct":100},"statements":{"total":8,"covered":8,"skipped":0,"pct":100},"branches":{"total":6,"covered":3,"skipped":0,"pct":50}}
,"/home/runner/work/1plus1gold/1plus1gold/src/app/api/content/[slug]/route.ts": {"lines":{"total":15,"covered":14,"skipped":0,"pct":93.33},"functions":{"total":1,"covered":1,"skipped":0,"pct":100},"statements":{"total":15,"covered":14,"skipped":0,"pct":93.33},"branches":{"total":6,"covered":5,"skipped":0,"pct":83.33}}
,"/home/runner/work/1plus1gold/1plus1gold/src/app/api/conversions/[id]/delivery-note/route.ts": {"lines":{"total":28,"covered":11,"skipped":0,"pct":39.28},"functions":{"total":4,"covered":1,"skipped":0,"pct":25},"statements":{"total":32,"covered":11,"skipped":0,"pct":34.37},"branches":{"total":41,"covered":13,"skipped":0,"pct":31.7}}
,"/home/runner/work/1plus1gold/1plus1gold/src/app/api/conversions/form/route.ts": {"lines":{"total":26,"covered":25,"skipped":0,"pct":96.15},"functions":{"total":4,"covered":3,"skipped":0,"pct":75},"statements":{"total":32,"covered":30,"skipped":0,"pct":93.75},"branches":{"total":43,"covered":30,"skipped":0,"pct":69.76}}
,"/home/runner/work/1plus1gold/1plus1gold/src/app/api/conversions/my-requests/route.ts": {"lines":{"total":55,"covered":36,"skipped":0,"pct":65.45},"functions":{"total":11,"covered":6,"skipped":0,"pct":54.54},"statements":{"total":64,"covered":39,"skipped":0,"pct":60.93},"branches":{"total":64,"covered":29,"skipped":0,"pct":45.31}}
,"/home/runner/work/1plus1gold/1plus1gold/src/app/api/cron/analytics-prune/route.ts": {"lines":{"total":38,"covered":36,"skipped":0,"pct":94.73},"functions":{"total":4,"covered":4,"skipped":0,"pct":100},"statements":{"total":50,"covered":44,"skipped":0,"pct":88},"branches":{"total":24,"covered":14,"skipped":0,"pct":58.33}}
,"/home/runner/work/1plus1gold/1plus1gold/src/app/api/cron/db-backup-heartbeat/route.ts": {"lines":{"total":15,"covered":14,"skipped":0,"pct":93.33},"functions":{"total":1,"covered":1,"skipped":0,"pct":100},"statements":{"total":17,"covered":16,"skipped":0,"pct":94.11},"branches":{"total":12,"covered":11,"skipped":0,"pct":91.66}}
,"/home/runner/work/1plus1gold/1plus1gold/src/app/api/cron/external-shipper-poll/route.ts": {"lines":{"total":61,"covered":51,"skipped":0,"pct":83.6},"functions":{"total":4,"covered":3,"skipped":0,"pct":75},"statements":{"total":70,"covered":58,"skipped":0,"pct":82.85},"branches":{"total":52,"covered":43,"skipped":0,"pct":82.69}}
,"/home/runner/work/1plus1gold/1plus1gold/src/app/api/cron/financial-statements-archive/route.ts": {"lines":{"total":21,"covered":21,"skipped":0,"pct":100},"functions":{"total":3,"covered":3,"skipped":0,"pct":100},"statements":{"total":23,"covered":23,"skipped":0,"pct":100},"branches":{"total":8,"covered":8,"skipped":0,"pct":100}}
,"/home/runner/work/1plus1gold/1plus1gold/src/app/api/cron/hitpay-pending-cleanup/route.ts": {"lines":{"total":57,"covered":50,"skipped":0,"pct":87.71},"functions":{"total":1,"covered":1,"skipped":0,"pct":100},"statements":{"total":58,"covered":50,"skipped":0,"pct":86.2},"branches":{"total":46,"covered":29,"skipped":0,"pct":63.04}}
,"/home/runner/work/1plus1gold/1plus1gold/src/app/api/cron/hitpay-reconcile/route.ts": {"lines":{"total":63,"covered":29,"skipped":0,"pct":46.03},"functions":{"total":2,"covered":1,"skipped":0,"pct":50},"statements":{"total":70,"covered":32,"skipped":0,"pct":45.71},"branches":{"total":46,"covered":15,"skipped":0,"pct":32.6}}
,"/home/runner/work/1plus1gold/1plus1gold/src/app/api/cron/inventory-reconcile/route.ts": {"lines":{"total":17,"covered":17,"skipped":0,"pct":100},"functions":{"total":1,"covered":1,"skipped":0,"pct":100},"statements":{"total":18,"covered":18,"skipped":0,"pct":100},"branches":{"total":16,"covered":14,"skipped":0,"pct":87.5}}
,"/home/runner/work/1plus1gold/1plus1gold/src/app/api/cron/lalamove-status-poll/route.ts": {"lines":{"total":107,"covered":56,"skipped":0,"pct":52.33},"functions":{"total":7,"covered":6,"skipped":0,"pct":85.71},"statements":{"total":123,"covered":62,"skipped":0,"pct":50.4},"branches":{"total":98,"covered":38,"skipped":0,"pct":38.77}}
,"/home/runner/work/1plus1gold/1plus1gold/src/app/api/cron/linkedin-token-monitor/route.ts": {"lines":{"total":41,"covered":6,"skipped":0,"pct":14.63},"functions":{"total":5,"covered":1,"skipped":0,"pct":20},"statements":{"total":46,"covered":8,"skipped":0,"pct":17.39},"branches":{"total":26,"covered":3,"skipped":0,"pct":11.53}}
,"/home/runner/work/1plus1gold/1plus1gold/src/app/api/cron/margin-monitor/route.ts": {"lines":{"total":46,"covered":37,"skipped":0,"pct":80.43},"functions":{"total":4,"covered":4,"skipped":0,"pct":100},"statements":{"total":52,"covered":40,"skipped":0,"pct":76.92},"branches":{"total":38,"covered":15,"skipped":0,"pct":39.47}}
,"/home/runner/work/1plus1gold/1plus1gold/src/app/api/cron/marketing-guardrail-curator/route.ts": {"lines":{"total":47,"covered":41,"skipped":0,"pct":87.23},"functions":{"total":2,"covered":2,"skipped":0,"pct":100},"statements":{"total":52,"covered":44,"skipped":0,"pct":84.61},"branches":{"total":32,"covered":18,"skipped":0,"pct":56.25}}
,"/home/runner/work/1plus1gold/1plus1gold/src/app/api/cron/marketing-publisher/route.ts": {"lines":{"total":65,"covered":60,"skipped":0,"pct":92.3},"functions":{"total":4,"covered":2,"skipped":0,"pct":50},"statements":{"total":73,"covered":68,"skipped":0,"pct":93.15},"branches":{"total":58,"covered":42,"skipped":0,"pct":72.41}}
,"/home/runner/work/1plus1gold/1plus1gold/src/app/api/cron/newsletter-monthly/route.ts": {"lines":{"total":49,"covered":9,"skipped":0,"pct":18.36},"functions":{"total":3,"covered":1,"skipped":0,"pct":33.33},"statements":{"total":52,"covered":10,"skipped":0,"pct":19.23},"branches":{"total":33,"covered":5,"skipped":0,"pct":15.15}}
,"/home/runner/work/1plus1gold/1plus1gold/src/app/api/cron/newsletter-notify/route.ts": {"lines":{"total":14,"covered":6,"skipped":0,"pct":42.85},"functions":{"total":1,"covered":1,"skipped":0,"pct":100},"statements":{"total":16,"covered":7,"skipped":0,"pct":43.75},"branches":{"total":8,"covered":2,"skipped":0,"pct":25}}
,"/home/runner/work/1plus1gold/1plus1gold/src/app/api/cron/newsletter-publisher/route.ts": {"lines":{"total":10,"covered":5,"skipped":0,"pct":50},"functions":{"total":2,"covered":1,"skipped":0,"pct":50},"statements":{"total":12,"covered":6,"skipped":0,"pct":50},"branches":{"total":6,"covered":2,"skipped":0,"pct":33.33}}
,"/home/runner/work/1plus1gold/1plus1gold/src/app/api/cron/order-creation-canary/route.ts": {"lines":{"total":18,"covered":16,"skipped":0,"pct":88.88},"functions":{"total":2,"covered":1,"skipped":0,"pct":50},"statements":{"total":19,"covered":16,"skipped":0,"pct":84.21},"branches":{"total":22,"covered":16,"skipped":0,"pct":72.72}}
,"/home/runner/work/1plus1gold/1plus1gold/src/app/api/cron/pricing-strategist/route.ts": {"lines":{"total":35,"covered":33,"skipped":0,"pct":94.28},"functions":{"total":3,"covered":3,"skipped":0,"pct":100},"statements":{"total":42,"covered":39,"skipped":0,"pct":92.85},"branches":{"total":26,"covered":20,"skipped":0,"pct":76.92}}
,"/home/runner/work/1plus1gold/1plus1gold/src/app/api/cron/search-console/route.ts": {"lines":{"total":19,"covered":15,"skipped":0,"pct":78.94},"functions":{"total":3,"covered":3,"skipped":0,"pct":100},"statements":{"total":22,"covered":17,"skipped":0,"pct":77.27},"branches":{"total":10,"covered":6,"skipped":0,"pct":60}}
,"/home/runner/work/1plus1gold/1plus1gold/src/app/api/cron/spx-selftest/route.ts": {"lines":{"total":64,"covered":58,"skipped":0,"pct":90.62},"functions":{"total":4,"covered":4,"skipped":0,"pct":100},"statements":{"total":71,"covered":63,"skipped":0,"pct":88.73},"branches":{"total":36,"covered":34,"skipped":0,"pct":94.44}}
,"/home/runner/work/1plus1gold/1plus1gold/src/app/api/cron/spx-status-poll/route.ts": {"lines":{"total":45,"covered":43,"skipped":0,"pct":95.55},"functions":{"total":3,"covered":2,"skipped":0,"pct":66.66},"statements":{"total":48,"covered":46,"skipped":0,"pct":95.83},"branches":{"total":30,"covered":23,"skipped":0,"pct":76.66}}
,"/home/runner/work/1plus1gold/1plus1gold/src/app/api/cron/supplier-sheet-fetch/route.ts": {"lines":{"total":22,"covered":7,"skipped":0,"pct":31.81},"functions":{"total":2,"covered":1,"skipped":0,"pct":50},"statements":{"total":25,"covered":7,"skipped":0,"pct":28},"branches":{"total":18,"covered":3,"skipped":0,"pct":16.66}}
,"/home/runner/work/1plus1gold/1plus1gold/src/app/api/cron/vault-audit-reminder/route.ts": {"lines":{"total":33,"covered":7,"skipped":0,"pct":21.21},"functions":{"total":4,"covered":1,"skipped":0,"pct":25},"statements":{"total":37,"covered":8,"skipped":0,"pct":21.62},"branches":{"total":28,"covered":4,"skipped":0,"pct":14.28}}
,"/home/runner/work/1plus1gold/1plus1gold/src/app/api/deploy-identity/route.ts": {"lines":{"total":4,"covered":4,"skipped":0,"pct":100},"functions":{"total":2,"covered":2,"skipped":0,"pct":100},"statements":{"total":4,"covered":4,"skipped":0,"pct":100},"branches":{"total":8,"covered":8,"skipped":0,"pct":100}}
,"/home/runner/work/1plus1gold/1plus1gold/src/app/api/gold-life/pricing/route.ts": {"lines":{"total":2,"covered":2,"skipped":0,"pct":100},"functions":{"total":1,"covered":1,"skipped":0,"pct":100},"statements":{"total":2,"covered":2,"skipped":0,"pct":100},"branches":{"total":0,"covered":0,"skipped":0,"pct":100}}
,"/home/runner/work/1plus1gold/1plus1gold/src/app/api/health/route.ts": {"lines":{"total":12,"covered":10,"skipped":0,"pct":83.33},"functions":{"total":2,"covered":2,"skipped":0,"pct":100},"statements":{"total":13,"covered":11,"skipped":0,"pct":84.61},"branches":{"total":8,"covered":8,"skipped":0,"pct":100}}
,"/home/runner/work/1plus1gold/1plus1gold/src/app/api/kyc/initiate/route.ts": {"lines":{"total":30,"covered":7,"skipped":0,"pct":23.33},"functions":{"total":1,"covered":1,"skipped":0,"pct":100},"statements":{"total":31,"covered":8,"skipped":0,"pct":25.8},"branches":{"total":16,"covered":2,"skipped":0,"pct":12.5}}
,"/home/runner/work/1plus1gold/1plus1gold/src/app/api/lalamove/quote/route.ts": {"lines":{"total":31,"covered":30,"skipped":0,"pct":96.77},"functions":{"total":1,"covered":1,"skipped":0,"pct":100},"statements":{"total":32,"covered":31,"skipped":0,"pct":96.87},"branches":{"total":25,"covered":25,"skipped":0,"pct":100}}
,"/home/runner/work/1plus1gold/1plus1gold/src/app/api/lalamove/webhook/route.ts": {"lines":{"total":164,"covered":99,"skipped":0,"pct":60.36},"functions":{"total":20,"covered":3,"skipped":0,"pct":15},"statements":{"total":179,"covered":101,"skipped":0,"pct":56.42},"branches":{"total":191,"covered":97,"skipped":0,"pct":50.78}}
,"/home/runner/work/1plus1gold/1plus1gold/src/app/api/orders/receipt-pdf/[orderId]/route.ts": {"lines":{"total":45,"covered":20,"skipped":0,"pct":44.44},"functions":{"total":3,"covered":1,"skipped":0,"pct":33.33},"statements":{"total":47,"covered":22,"skipped":0,"pct":46.8},"branches":{"total":74,"covered":19,"skipped":0,"pct":25.67}}
,"/home/runner/work/1plus1gold/1plus1gold/src/app/api/orders/send-receipt/route.ts": {"lines":{"total":66,"covered":33,"skipped":0,"pct":50},"functions":{"total":3,"covered":1,"skipped":0,"pct":33.33},"statements":{"total":68,"covered":34,"skipped":0,"pct":50},"branches":{"total":87,"covered":34,"skipped":0,"pct":39.08}}
,"/home/runner/work/1plus1gold/1plus1gold/src/app/api/payments/hitpay/create/route.ts": {"lines":{"total":159,"covered":130,"skipped":0,"pct":81.76},"functions":{"total":7,"covered":6,"skipped":0,"pct":85.71},"statements":{"total":190,"covered":154,"skipped":0,"pct":81.05},"branches":{"total":201,"covered":128,"skipped":0,"pct":63.68}}
,"/home/runner/work/1plus1gold/1plus1gold/src/app/api/payments/methods/route.ts": {"lines":{"total":10,"covered":8,"skipped":0,"pct":80},"functions":{"total":3,"covered":3,"skipped":0,"pct":100},"statements":{"total":10,"covered":8,"skipped":0,"pct":80},"branches":{"total":16,"covered":8,"skipped":0,"pct":50}}
,"/home/runner/work/1plus1gold/1plus1gold/src/app/api/payments/stripe/create-intent/route.ts": {"lines":{"total":169,"covered":139,"skipped":0,"pct":82.24},"functions":{"total":12,"covered":9,"skipped":0,"pct":75},"statements":{"total":207,"covered":169,"skipped":0,"pct":81.64},"branches":{"total":200,"covered":145,"skipped":0,"pct":72.5}}
,"/home/runner/work/1plus1gold/1plus1gold/src/app/api/pricing-snapshot/route.ts": {"lines":{"total":5,"covered":5,"skipped":0,"pct":100},"functions":{"total":1,"covered":1,"skipped":0,"pct":100},"statements":{"total":5,"covered":5,"skipped":0,"pct":100},"branches":{"total":2,"covered":2,"skipped":0,"pct":100}}
,"/home/runner/work/1plus1gold/1plus1gold/src/app/api/promos/active/route.ts": {"lines":{"total":15,"covered":15,"skipped":0,"pct":100},"functions":{"total":2,"covered":2,"skipped":0,"pct":100},"statements":{"total":18,"covered":17,"skipped":0,"pct":94.44},"branches":{"total":30,"covered":21,"skipped":0,"pct":70}}
,"/home/runner/work/1plus1gold/1plus1gold/src/app/api/promos/mine/route.ts": {"lines":{"total":6,"covered":6,"skipped":0,"pct":100},"functions":{"total":1,"covered":1,"skipped":0,"pct":100},"statements":{"total":7,"covered":7,"skipped":0,"pct":100},"branches":{"total":2,"covered":2,"skipped":0,"pct":100}}
,"/home/runner/work/1plus1gold/1plus1gold/src/app/api/promos/validate/route.ts": {"lines":{"total":57,"covered":41,"skipped":0,"pct":71.92},"functions":{"total":5,"covered":3,"skipped":0,"pct":60},"statements":{"total":60,"covered":44,"skipped":0,"pct":73.33},"branches":{"total":70,"covered":52,"skipped":0,"pct":74.28}}
,"/home/runner/work/1plus1gold/1plus1gold/src/app/api/referrals/validate/route.ts": {"lines":{"total":31,"covered":18,"skipped":0,"pct":58.06},"functions":{"total":3,"covered":1,"skipped":0,"pct":33.33},"statements":{"total":33,"covered":20,"skipped":0,"pct":60.6},"branches":{"total":24,"covered":10,"skipped":0,"pct":41.66}}
,"/home/runner/work/1plus1gold/1plus1gold/src/app/api/spx/book/route.ts": {"lines":{"total":44,"covered":41,"skipped":0,"pct":93.18},"functions":{"total":1,"covered":1,"skipped":0,"pct":100},"statements":{"total":48,"covered":44,"skipped":0,"pct":91.66},"branches":{"total":50,"covered":43,"skipped":0,"pct":86}}
,"/home/runner/work/1plus1gold/1plus1gold/src/app/api/spx/pickup-times/route.ts": {"lines":{"total":10,"covered":10,"skipped":0,"pct":100},"functions":{"total":1,"covered":1,"skipped":0,"pct":100},"statements":{"total":11,"covered":11,"skipped":0,"pct":100},"branches":{"total":6,"covered":6,"skipped":0,"pct":100}}
,"/home/runner/work/1plus1gold/1plus1gold/src/app/api/spx/waybill/[trackingNo]/route.ts": {"lines":{"total":22,"covered":22,"skipped":0,"pct":100},"functions":{"total":1,"covered":1,"skipped":0,"pct":100},"statements":{"total":24,"covered":24,"skipped":0,"pct":100},"branches":{"total":16,"covered":12,"skipped":0,"pct":75}}
,"/home/runner/work/1plus1gold/1plus1gold/src/app/api/track/route.ts": {"lines":{"total":37,"covered":35,"skipped":0,"pct":94.59},"functions":{"total":5,"covered":5,"skipped":0,"pct":100},"statements":{"total":45,"covered":41,"skipped":0,"pct":91.11},"branches":{"total":37,"covered":33,"skipped":0,"pct":89.18}}
,"/home/runner/work/1plus1gold/1plus1gold/src/app/api/vault/sell/[id]/route.ts": {"lines":{"total":56,"covered":43,"skipped":0,"pct":76.78},"functions":{"total":8,"covered":5,"skipped":0,"pct":62.5},"statements":{"total":61,"covered":45,"skipped":0,"pct":73.77},"branches":{"total":40,"covered":28,"skipped":0,"pct":70}}
,"/home/runner/work/1plus1gold/1plus1gold/src/app/api/vault/withdraw/[id]/route.ts": {"lines":{"total":35,"covered":29,"skipped":0,"pct":82.85},"functions":{"total":7,"covered":3,"skipped":0,"pct":42.85},"statements":{"total":39,"covered":31,"skipped":0,"pct":79.48},"branches":{"total":36,"covered":31,"skipped":0,"pct":86.11}}
,"/home/runner/work/1plus1gold/1plus1gold/src/app/api/webhooks/hitpay/route.ts": {"lines":{"total":108,"covered":64,"skipped":0,"pct":59.25},"functions":{"total":4,"covered":3,"skipped":0,"pct":75},"statements":{"total":110,"covered":64,"skipped":0,"pct":58.18},"branches":{"total":101,"covered":47,"skipped":0,"pct":46.53}}
,"/home/runner/work/1plus1gold/1plus1gold/src/app/api/webhooks/spx/route.ts": {"lines":{"total":82,"covered":79,"skipped":0,"pct":96.34},"functions":{"total":6,"covered":4,"skipped":0,"pct":66.66},"statements":{"total":85,"covered":82,"skipped":0,"pct":96.47},"branches":{"total":93,"covered":80,"skipped":0,"pct":86.02}}
,"/home/runner/work/1plus1gold/1plus1gold/src/app/api/webhooks/stripe/route.ts": {"lines":{"total":115,"covered":99,"skipped":0,"pct":86.08},"functions":{"total":8,"covered":6,"skipped":0,"pct":75},"statements":{"total":122,"covered":103,"skipped":0,"pct":84.42},"branches":{"total":142,"covered":91,"skipped":0,"pct":64.08}}
,"/home/runner/work/1plus1gold/1plus1gold/src/app/contact/spec.ts": {"lines":{"total":4,"covered":4,"skipped":0,"pct":100},"functions":{"total":3,"covered":3,"skipped":0,"pct":100},"statements":{"total":4,"covered":4,"skipped":0,"pct":100},"branches":{"total":0,"covered":0,"skipped":0,"pct":100}}
,"/home/runner/work/1plus1gold/1plus1gold/src/app/verify/[serial]/GiftClaimBlock.tsx": {"lines":{"total":35,"covered":19,"skipped":0,"pct":54.28},"functions":{"total":7,"covered":3,"skipped":0,"pct":42.85},"statements":{"total":40,"covered":20,"skipped":0,"pct":50},"branches":{"total":82,"covered":44,"skipped":0,"pct":53.65}}
,"/home/runner/work/1plus1gold/1plus1gold/src/components/LogoMark.tsx": {"lines":{"total":7,"covered":7,"skipped":0,"pct":100},"functions":{"total":1,"covered":1,"skipped":0,"pct":100},"statements":{"total":7,"covered":7,"skipped":0,"pct":100},"branches":{"total":9,"covered":6,"skipped":0,"pct":66.66}}
,"/home/runner/work/1plus1gold/1plus1gold/src/components/SocialLinks.tsx": {"lines":{"total":5,"covered":5,"skipped":0,"pct":100},"functions":{"total":2,"covered":2,"skipped":0,"pct":100},"statements":{"total":5,"covered":5,"skipped":0,"pct":100},"branches":{"total":0,"covered":0,"skipped":0,"pct":100}}
,"/home/runner/work/1plus1gold/1plus1gold/src/components/account/SecurityStatusCard.tsx": {"lines":{"total":19,"covered":17,"skipped":0,"pct":89.47},"functions":{"total":7,"covered":5,"skipped":0,"pct":71.42},"statements":{"total":20,"covered":18,"skipped":0,"pct":90},"branches":{"total":38,"covered":37,"skipped":0,"pct":97.36}}
,"/home/runner/work/1plus1gold/1plus1gold/src/components/admin/AdminModal.tsx": {"lines":{"total":29,"covered":28,"skipped":0,"pct":96.55},"functions":{"total":10,"covered":8,"skipped":0,"pct":80},"statements":{"total":39,"covered":36,"skipped":0,"pct":92.3},"branches":{"total":34,"covered":27,"skipped":0,"pct":79.41}}
,"/home/runner/work/1plus1gold/1plus1gold/src/components/admin/AdminSidebar.tsx": {"lines":{"total":106,"covered":77,"skipped":0,"pct":72.64},"functions":{"total":38,"covered":23,"skipped":0,"pct":60.52},"statements":{"total":126,"covered":86,"skipped":0,"pct":68.25},"branches":{"total":107,"covered":58,"skipped":0,"pct":54.2}}
,"/home/runner/work/1plus1gold/1plus1gold/src/components/admin/ComplianceDraftView.tsx": {"lines":{"total":24,"covered":22,"skipped":0,"pct":91.66},"functions":{"total":10,"covered":9,"skipped":0,"pct":90},"statements":{"total":25,"covered":23,"skipped":0,"pct":92},"branches":{"total":20,"covered":18,"skipped":0,"pct":90}}
,"/home/runner/work/1plus1gold/1plus1gold/src/components/admin/DispatchTile.tsx": {"lines":{"total":8,"covered":7,"skipped":0,"pct":87.5},"functions":{"total":3,"covered":2,"skipped":0,"pct":66.66},"statements":{"total":8,"covered":7,"skipped":0,"pct":87.5},"branches":{"total":23,"covered":12,"skipped":0,"pct":52.17}}
,"/home/runner/work/1plus1gold/1plus1gold/src/components/admin/MoneyCharts.tsx": {"lines":{"total":186,"covered":18,"skipped":0,"pct":9.67},"functions":{"total":79,"covered":3,"skipped":0,"pct":3.79},"statements":{"total":258,"covered":26,"skipped":0,"pct":10.07},"branches":{"total":189,"covered":5,"skipped":0,"pct":2.64}}
,"/home/runner/work/1plus1gold/1plus1gold/src/components/admin/RecurringTemplatesSection.tsx": {"lines":{"total":114,"covered":41,"skipped":0,"pct":35.96},"functions":{"total":53,"covered":7,"skipped":0,"pct":13.2},"statements":{"total":138,"covered":43,"skipped":0,"pct":31.15},"branches":{"total":102,"covered":31,"skipped":0,"pct":30.39}}
,"/home/runner/work/1plus1gold/1plus1gold/src/components/admin/pricing/kit.tsx": {"lines":{"total":73,"covered":16,"skipped":0,"pct":21.91},"functions":{"total":42,"covered":2,"skipped":0,"pct":4.76},"statements":{"total":98,"covered":20,"skipped":0,"pct":20.4},"branches":{"total":171,"covered":7,"skipped":0,"pct":4.09}}
,"/home/runner/work/1plus1gold/1plus1gold/src/lib/admin-auth.ts": {"lines":{"total":34,"covered":33,"skipped":0,"pct":97.05},"functions":{"total":5,"covered":5,"skipped":0,"pct":100},"statements":{"total":40,"covered":39,"skipped":0,"pct":97.5},"branches":{"total":23,"covered":23,"skipped":0,"pct":100}}
,"/home/runner/work/1plus1gold/1plus1gold/src/lib/admin-team.ts": {"lines":{"total":20,"covered":20,"skipped":0,"pct":100},"functions":{"total":7,"covered":7,"skipped":0,"pct":100},"statements":{"total":26,"covered":26,"skipped":0,"pct":100},"branches":{"total":14,"covered":14,"skipped":0,"pct":100}}
,"/home/runner/work/1plus1gold/1plus1gold/src/lib/ai-calculator.ts": {"lines":{"total":116,"covered":98,"skipped":0,"pct":84.48},"functions":{"total":39,"covered":28,"skipped":0,"pct":71.79},"statements":{"total":143,"covered":113,"skipped":0,"pct":79.02},"branches":{"total":98,"covered":72,"skipped":0,"pct":73.46}}
,"/home/runner/work/1plus1gold/1plus1gold/src/lib/bootstrap-signing.ts": {"lines":{"total":25,"covered":22,"skipped":0,"pct":88},"functions":{"total":3,"covered":3,"skipped":0,"pct":100},"statements":{"total":26,"covered":23,"skipped":0,"pct":88.46},"branches":{"total":11,"covered":9,"skipped":0,"pct":81.81}}
,"/home/runner/work/1plus1gold/1plus1gold/src/lib/business-config.ts": {"lines":{"total":1,"covered":1,"skipped":0,"pct":100},"functions":{"total":0,"covered":0,"skipped":0,"pct":100},"statements":{"total":1,"covered":1,"skipped":0,"pct":100},"branches":{"total":0,"covered":0,"skipped":0,"pct":100}}
,"/home/runner/work/1plus1gold/1plus1gold/src/lib/buyback-core.ts": {"lines":{"total":88,"covered":78,"skipped":0,"pct":88.63},"functions":{"total":26,"covered":24,"skipped":0,"pct":92.3},"statements":{"total":99,"covered":86,"skipped":0,"pct":86.86},"branches":{"total":194,"covered":121,"skipped":0,"pct":62.37}}
,"/home/runner/work/1plus1gold/1plus1gold/src/lib/buybacks.ts": {"lines":{"total":41,"covered":33,"skipped":0,"pct":80.48},"functions":{"total":12,"covered":12,"skipped":0,"pct":100},"statements":{"total":56,"covered":41,"skipped":0,"pct":73.21},"branches":{"total":102,"covered":69,"skipped":0,"pct":67.64}}
,"/home/runner/work/1plus1gold/1plus1gold/src/lib/calculator-bootstrap.ts": {"lines":{"total":45,"covered":39,"skipped":0,"pct":86.66},"functions":{"total":6,"covered":5,"skipped":0,"pct":83.33},"statements":{"total":51,"covered":43,"skipped":0,"pct":84.31},"branches":{"total":46,"covered":22,"skipped":0,"pct":47.82}}
,"/home/runner/work/1plus1gold/1plus1gold/src/lib/calculator-core.ts": {"lines":{"total":53,"covered":53,"skipped":0,"pct":100},"functions":{"total":13,"covered":13,"skipped":0,"pct":100},"statements":{"total":54,"covered":54,"skipped":0,"pct":100},"branches":{"total":92,"covered":81,"skipped":0,"pct":88.04}}
,"/home/runner/work/1plus1gold/1plus1gold/src/lib/cart-context.ts": {"lines":{"total":30,"covered":6,"skipped":0,"pct":20},"functions":{"total":13,"covered":2,"skipped":0,"pct":15.38},"statements":{"total":36,"covered":8,"skipped":0,"pct":22.22},"branches":{"total":51,"covered":2,"skipped":0,"pct":3.92}}
,"/home/runner/work/1plus1gold/1plus1gold/src/lib/cart-core.ts": {"lines":{"total":192,"covered":185,"skipped":0,"pct":96.35},"functions":{"total":82,"covered":79,"skipped":0,"pct":96.34},"statements":{"total":256,"covered":242,"skipped":0,"pct":94.53},"branches":{"total":395,"covered":337,"skipped":0,"pct":85.31}}
,"/home/runner/work/1plus1gold/1plus1gold/src/lib/checkout-discount.ts": {"lines":{"total":21,"covered":21,"skipped":0,"pct":100},"functions":{"total":1,"covered":1,"skipped":0,"pct":100},"statements":{"total":21,"covered":21,"skipped":0,"pct":100},"branches":{"total":16,"covered":16,"skipped":0,"pct":100}}
,"/home/runner/work/1plus1gold/1plus1gold/src/lib/comparisons.ts": {"lines":{"total":7,"covered":4,"skipped":0,"pct":57.14},"functions":{"total":4,"covered":2,"skipped":0,"pct":50},"statements":{"total":11,"covered":5,"skipped":0,"pct":45.45},"branches":{"total":12,"covered":4,"skipped":0,"pct":33.33}}
,"/home/runner/work/1plus1gold/1plus1gold/src/lib/conversion-select.ts": {"lines":{"total":24,"covered":24,"skipped":0,"pct":100},"functions":{"total":7,"covered":7,"skipped":0,"pct":100},"statements":{"total":27,"covered":25,"skipped":0,"pct":92.59},"branches":{"total":18,"covered":11,"skipped":0,"pct":61.11}}
,"/home/runner/work/1plus1gold/1plus1gold/src/lib/conversions-target.ts": {"lines":{"total":21,"covered":20,"skipped":0,"pct":95.23},"functions":{"total":11,"covered":11,"skipped":0,"pct":100},"statements":{"total":28,"covered":26,"skipped":0,"pct":92.85},"branches":{"total":31,"covered":24,"skipped":0,"pct":77.41}}
,"/home/runner/work/1plus1gold/1plus1gold/src/lib/conversions-totals.ts": {"lines":{"total":16,"covered":0,"skipped":0,"pct":0},"functions":{"total":6,"covered":0,"skipped":0,"pct":0},"statements":{"total":19,"covered":0,"skipped":0,"pct":0},"branches":{"total":25,"covered":0,"skipped":0,"pct":0}}
,"/home/runner/work/1plus1gold/1plus1gold/src/lib/conversions.ts": {"lines":{"total":31,"covered":28,"skipped":0,"pct":90.32},"functions":{"total":7,"covered":7,"skipped":0,"pct":100},"statements":{"total":40,"covered":36,"skipped":0,"pct":90},"branches":{"total":53,"covered":45,"skipped":0,"pct":84.9}}
,"/home/runner/work/1plus1gold/1plus1gold/src/lib/cron-auth.ts": {"lines":{"total":8,"covered":8,"skipped":0,"pct":100},"functions":{"total":1,"covered":1,"skipped":0,"pct":100},"statements":{"total":8,"covered":8,"skipped":0,"pct":100},"branches":{"total":8,"covered":8,"skipped":0,"pct":100}}
,"/home/runner/work/1plus1gold/1plus1gold/src/lib/cron-runs.ts": {"lines":{"total":7,"covered":6,"skipped":0,"pct":85.71},"functions":{"total":2,"covered":2,"skipped":0,"pct":100},"statements":{"total":8,"covered":7,"skipped":0,"pct":87.5},"branches":{"total":6,"covered":4,"skipped":0,"pct":66.66}}
,"/home/runner/work/1plus1gold/1plus1gold/src/lib/crons-catalog.ts": {"lines":{"total":53,"covered":50,"skipped":0,"pct":94.33},"functions":{"total":10,"covered":10,"skipped":0,"pct":100},"statements":{"total":70,"covered":65,"skipped":0,"pct":92.85},"branches":{"total":75,"covered":61,"skipped":0,"pct":81.33}}
,"/home/runner/work/1plus1gold/1plus1gold/src/lib/currencies.ts": {"lines":{"total":1,"covered":1,"skipped":0,"pct":100},"functions":{"total":0,"covered":0,"skipped":0,"pct":100},"statements":{"total":1,"covered":1,"skipped":0,"pct":100},"branches":{"total":0,"covered":0,"skipped":0,"pct":100}}
,"/home/runner/work/1plus1gold/1plus1gold/src/lib/currency.ts": {"lines":{"total":5,"covered":5,"skipped":0,"pct":100},"functions":{"total":1,"covered":1,"skipped":0,"pct":100},"statements":{"total":5,"covered":5,"skipped":0,"pct":100},"branches":{"total":4,"covered":3,"skipped":0,"pct":75}}
,"/home/runner/work/1plus1gold/1plus1gold/src/lib/curve-accumulation.ts": {"lines":{"total":5,"covered":3,"skipped":0,"pct":60},"functions":{"total":1,"covered":1,"skipped":0,"pct":100},"statements":{"total":5,"covered":3,"skipped":0,"pct":60},"branches":{"total":4,"covered":3,"skipped":0,"pct":75}}
,"/home/runner/work/1plus1gold/1plus1gold/src/lib/discounts.ts": {"lines":{"total":23,"covered":23,"skipped":0,"pct":100},"functions":{"total":2,"covered":2,"skipped":0,"pct":100},"statements":{"total":24,"covered":24,"skipped":0,"pct":100},"branches":{"total":10,"covered":10,"skipped":0,"pct":100}}
,"/home/runner/work/1plus1gold/1plus1gold/src/lib/dnb-seal.ts": {"lines":{"total":2,"covered":2,"skipped":0,"pct":100},"functions":{"total":0,"covered":0,"skipped":0,"pct":100},"statements":{"total":2,"covered":2,"skipped":0,"pct":100},"branches":{"total":0,"covered":0,"skipped":0,"pct":100}}
,"/home/runner/work/1plus1gold/1plus1gold/src/lib/dropped-files.ts": {"lines":{"total":26,"covered":26,"skipped":0,"pct":100},"functions":{"total":13,"covered":11,"skipped":0,"pct":84.61},"statements":{"total":34,"covered":32,"skipped":0,"pct":94.11},"branches":{"total":18,"covered":15,"skipped":0,"pct":83.33}}
,"/home/runner/work/1plus1gold/1plus1gold/src/lib/email.ts": {"lines":{"total":54,"covered":50,"skipped":0,"pct":92.59},"functions":{"total":11,"covered":9,"skipped":0,"pct":81.81},"statements":{"total":63,"covered":55,"skipped":0,"pct":87.3},"branches":{"total":69,"covered":55,"skipped":0,"pct":79.71}}
,"/home/runner/work/1plus1gold/1plus1gold/src/lib/embed-bridge-validate.ts": {"lines":{"total":8,"covered":8,"skipped":0,"pct":100},"functions":{"total":5,"covered":5,"skipped":0,"pct":100},"statements":{"total":9,"covered":9,"skipped":0,"pct":100},"branches":{"total":24,"covered":24,"skipped":0,"pct":100}}
,"/home/runner/work/1plus1gold/1plus1gold/src/lib/engine-entry.ts": {"lines":{"total":52,"covered":4,"skipped":0,"pct":7.69},"functions":{"total":16,"covered":1,"skipped":0,"pct":6.25},"statements":{"total":61,"covered":4,"skipped":0,"pct":6.55},"branches":{"total":65,"covered":1,"skipped":0,"pct":1.53}}
,"/home/runner/work/1plus1gold/1plus1gold/src/lib/env.ts": {"lines":{"total":5,"covered":4,"skipped":0,"pct":80},"functions":{"total":3,"covered":2,"skipped":0,"pct":66.66},"statements":{"total":6,"covered":5,"skipped":0,"pct":83.33},"branches":{"total":4,"covered":4,"skipped":0,"pct":100}}
,"/home/runner/work/1plus1gold/1plus1gold/src/lib/faq-data.ts": {"lines":{"total":6,"covered":6,"skipped":0,"pct":100},"functions":{"total":6,"covered":6,"skipped":0,"pct":100},"statements":{"total":8,"covered":8,"skipped":0,"pct":100},"branches":{"total":0,"covered":0,"skipped":0,"pct":100}}
,"/home/runner/work/1plus1gold/1plus1gold/src/lib/format-pure.ts": {"lines":{"total":9,"covered":9,"skipped":0,"pct":100},"functions":{"total":3,"covered":3,"skipped":0,"pct":100},"statements":{"total":15,"covered":14,"skipped":0,"pct":93.33},"branches":{"total":12,"covered":11,"skipped":0,"pct":91.66}}
,"/home/runner/work/1plus1gold/1plus1gold/src/lib/gold-life-budget.ts": {"lines":{"total":39,"covered":39,"skipped":0,"pct":100},"functions":{"total":4,"covered":4,"skipped":0,"pct":100},"statements":{"total":45,"covered":45,"skipped":0,"pct":100},"branches":{"total":55,"covered":53,"skipped":0,"pct":96.36}}
,"/home/runner/work/1plus1gold/1plus1gold/src/lib/gold-life.ts": {"lines":{"total":41,"covered":41,"skipped":0,"pct":100},"functions":{"total":10,"covered":10,"skipped":0,"pct":100},"statements":{"total":46,"covered":43,"skipped":0,"pct":93.47},"branches":{"total":36,"covered":32,"skipped":0,"pct":88.88}}
,"/home/runner/work/1plus1gold/1plus1gold/src/lib/gold.ts": {"lines":{"total":78,"covered":77,"skipped":0,"pct":98.71},"functions":{"total":20,"covered":20,"skipped":0,"pct":100},"statements":{"total":96,"covered":95,"skipped":0,"pct":98.95},"branches":{"total":60,"covered":56,"skipped":0,"pct":93.33}}
,"/home/runner/work/1plus1gold/1plus1gold/src/lib/gy-calculator.ts": {"lines":{"total":48,"covered":48,"skipped":0,"pct":100},"functions":{"total":5,"covered":5,"skipped":0,"pct":100},"statements":{"total":52,"covered":52,"skipped":0,"pct":100},"branches":{"total":22,"covered":17,"skipped":0,"pct":77.27}}
,"/home/runner/work/1plus1gold/1plus1gold/src/lib/hitpay-conversion.ts": {"lines":{"total":52,"covered":0,"skipped":0,"pct":0},"functions":{"total":11,"covered":0,"skipped":0,"pct":0},"statements":{"total":57,"covered":0,"skipped":0,"pct":0},"branches":{"total":66,"covered":0,"skipped":0,"pct":0}}
,"/home/runner/work/1plus1gold/1plus1gold/src/lib/hitpay-order.ts": {"lines":{"total":92,"covered":89,"skipped":0,"pct":96.73},"functions":{"total":8,"covered":7,"skipped":0,"pct":87.5},"statements":{"total":95,"covered":91,"skipped":0,"pct":95.78},"branches":{"total":125,"covered":79,"skipped":0,"pct":63.2}}
,"/home/runner/work/1plus1gold/1plus1gold/src/lib/hitpay-reconcile.ts": {"lines":{"total":48,"covered":39,"skipped":0,"pct":81.25},"functions":{"total":4,"covered":3,"skipped":0,"pct":75},"statements":{"total":52,"covered":42,"skipped":0,"pct":80.76},"branches":{"total":80,"covered":49,"skipped":0,"pct":61.25}}
,"/home/runner/work/1plus1gold/1plus1gold/src/lib/hitpay.ts": {"lines":{"total":56,"covered":32,"skipped":0,"pct":57.14},"functions":{"total":8,"covered":6,"skipped":0,"pct":75},"statements":{"total":62,"covered":33,"skipped":0,"pct":53.22},"branches":{"total":28,"covered":12,"skipped":0,"pct":42.85}}
,"/home/runner/work/1plus1gold/1plus1gold/src/lib/home-carousel-admin.ts": {"lines":{"total":33,"covered":32,"skipped":0,"pct":96.96},"functions":{"total":1,"covered":1,"skipped":0,"pct":100},"statements":{"total":35,"covered":34,"skipped":0,"pct":97.14},"branches":{"total":62,"covered":57,"skipped":0,"pct":91.93}}
,"/home/runner/work/1plus1gold/1plus1gold/src/lib/home-carousel.ts": {"lines":{"total":27,"covered":26,"skipped":0,"pct":96.29},"functions":{"total":6,"covered":6,"skipped":0,"pct":100},"statements":{"total":35,"covered":34,"skipped":0,"pct":97.14},"branches":{"total":36,"covered":34,"skipped":0,"pct":94.44}}
,"/home/runner/work/1plus1gold/1plus1gold/src/lib/image-optimize.ts": {"lines":{"total":14,"covered":7,"skipped":0,"pct":50},"functions":{"total":2,"covered":1,"skipped":0,"pct":50},"statements":{"total":14,"covered":7,"skipped":0,"pct":50},"branches":{"total":26,"covered":10,"skipped":0,"pct":38.46}}
,"/home/runner/work/1plus1gold/1plus1gold/src/lib/inventory-breakdown.ts": {"lines":{"total":33,"covered":14,"skipped":0,"pct":42.42},"functions":{"total":4,"covered":3,"skipped":0,"pct":75},"statements":{"total":37,"covered":16,"skipped":0,"pct":43.24},"branches":{"total":26,"covered":9,"skipped":0,"pct":34.61}}
,"/home/runner/work/1plus1gold/1plus1gold/src/lib/inventory-fulfilment.ts": {"lines":{"total":223,"covered":109,"skipped":0,"pct":48.87},"functions":{"total":29,"covered":11,"skipped":0,"pct":37.93},"statements":{"total":255,"covered":122,"skipped":0,"pct":47.84},"branches":{"total":177,"covered":78,"skipped":0,"pct":44.06}}
,"/home/runner/work/1plus1gold/1plus1gold/src/lib/inventory.ts": {"lines":{"total":7,"covered":7,"skipped":0,"pct":100},"functions":{"total":2,"covered":2,"skipped":0,"pct":100},"statements":{"total":12,"covered":12,"skipped":0,"pct":100},"branches":{"total":16,"covered":16,"skipped":0,"pct":100}}
,"/home/runner/work/1plus1gold/1plus1gold/src/lib/ios-client-constants.ts": {"lines":{"total":1,"covered":1,"skipped":0,"pct":100},"functions":{"total":0,"covered":0,"skipped":0,"pct":100},"statements":{"total":1,"covered":1,"skipped":0,"pct":100},"branches":{"total":0,"covered":0,"skipped":0,"pct":100}}
,"/home/runner/work/1plus1gold/1plus1gold/src/lib/ios-client.ts": {"lines":{"total":2,"covered":2,"skipped":0,"pct":100},"functions":{"total":1,"covered":1,"skipped":0,"pct":100},"statements":{"total":2,"covered":2,"skipped":0,"pct":100},"branches":{"total":2,"covered":2,"skipped":0,"pct":100}}
,"/home/runner/work/1plus1gold/1plus1gold/src/lib/lalamove.ts": {"lines":{"total":116,"covered":77,"skipped":0,"pct":66.37},"functions":{"total":28,"covered":17,"skipped":0,"pct":60.71},"statements":{"total":127,"covered":81,"skipped":0,"pct":63.77},"branches":{"total":170,"covered":79,"skipped":0,"pct":46.47}}
,"/home/runner/work/1plus1gold/1plus1gold/src/lib/ledger.ts": {"lines":{"total":73,"covered":47,"skipped":0,"pct":64.38},"functions":{"total":7,"covered":5,"skipped":0,"pct":71.42},"statements":{"total":74,"covered":47,"skipped":0,"pct":63.51},"branches":{"total":68,"covered":45,"skipped":0,"pct":66.17}}
,"/home/runner/work/1plus1gold/1plus1gold/src/lib/llms-txt.ts": {"lines":{"total":30,"covered":30,"skipped":0,"pct":100},"functions":{"total":12,"covered":10,"skipped":0,"pct":83.33},"statements":{"total":38,"covered":35,"skipped":0,"pct":92.1},"branches":{"total":32,"covered":20,"skipped":0,"pct":62.5}}
,"/home/runner/work/1plus1gold/1plus1gold/src/lib/log-redact.ts": {"lines":{"total":6,"covered":6,"skipped":0,"pct":100},"functions":{"total":2,"covered":2,"skipped":0,"pct":100},"statements":{"total":9,"covered":6,"skipped":0,"pct":66.66},"branches":{"total":8,"covered":4,"skipped":0,"pct":50}}
,"/home/runner/work/1plus1gold/1plus1gold/src/lib/logo-html.ts": {"lines":{"total":0,"covered":0,"skipped":0,"pct":0},"functions":{"total":0,"covered":0,"skipped":0,"pct":0},"statements":{"total":0,"covered":0,"skipped":0,"pct":0},"branches":{"total":0,"covered":0,"skipped":0,"pct":0}}
,"/home/runner/work/1plus1gold/1plus1gold/src/lib/magic-bytes.ts": {"lines":{"total":28,"covered":28,"skipped":0,"pct":100},"functions":{"total":3,"covered":3,"skipped":0,"pct":100},"statements":{"total":38,"covered":38,"skipped":0,"pct":100},"branches":{"total":35,"covered":35,"skipped":0,"pct":100}}
,"/home/runner/work/1plus1gold/1plus1gold/src/lib/media-mime.ts": {"lines":{"total":7,"covered":7,"skipped":0,"pct":100},"functions":{"total":2,"covered":2,"skipped":0,"pct":100},"statements":{"total":8,"covered":8,"skipped":0,"pct":100},"branches":{"total":13,"covered":10,"skipped":0,"pct":76.92}}
,"/home/runner/work/1plus1gold/1plus1gold/src/lib/native-share.ts": {"lines":{"total":17,"covered":9,"skipped":0,"pct":52.94},"functions":{"total":1,"covered":1,"skipped":0,"pct":100},"statements":{"total":20,"covered":10,"skipped":0,"pct":50},"branches":{"total":12,"covered":5,"skipped":0,"pct":41.66}}
,"/home/runner/work/1plus1gold/1plus1gold/src/lib/ninjavan.ts": {"lines":{"total":136,"covered":37,"skipped":0,"pct":27.2},"functions":{"total":24,"covered":7,"skipped":0,"pct":29.16},"statements":{"total":154,"covered":44,"skipped":0,"pct":28.57},"branches":{"total":130,"covered":26,"skipped":0,"pct":20}}
,"/home/runner/work/1plus1gold/1plus1gold/src/lib/ops-notice.ts": {"lines":{"total":44,"covered":43,"skipped":0,"pct":97.72},"functions":{"total":7,"covered":7,"skipped":0,"pct":100},"statements":{"total":57,"covered":51,"skipped":0,"pct":89.47},"branches":{"total":70,"covered":59,"skipped":0,"pct":84.28}}
,"/home/runner/work/1plus1gold/1plus1gold/src/lib/order-accessories.ts": {"lines":{"total":34,"covered":17,"skipped":0,"pct":50},"functions":{"total":7,"covered":5,"skipped":0,"pct":71.42},"statements":{"total":50,"covered":21,"skipped":0,"pct":42},"branches":{"total":42,"covered":12,"skipped":0,"pct":28.57}}
,"/home/runner/work/1plus1gold/1plus1gold/src/lib/order-aggregations.ts": {"lines":{"total":107,"covered":100,"skipped":0,"pct":93.45},"functions":{"total":18,"covered":15,"skipped":0,"pct":83.33},"statements":{"total":143,"covered":132,"skipped":0,"pct":92.3},"branches":{"total":106,"covered":75,"skipped":0,"pct":70.75}}
,"/home/runner/work/1plus1gold/1plus1gold/src/lib/order-discounts.ts": {"lines":{"total":28,"covered":28,"skipped":0,"pct":100},"functions":{"total":2,"covered":2,"skipped":0,"pct":100},"statements":{"total":28,"covered":28,"skipped":0,"pct":100},"branches":{"total":16,"covered":16,"skipped":0,"pct":100}}
,"/home/runner/work/1plus1gold/1plus1gold/src/lib/order-gift-messages.ts": {"lines":{"total":5,"covered":5,"skipped":0,"pct":100},"functions":{"total":2,"covered":2,"skipped":0,"pct":100},"statements":{"total":6,"covered":6,"skipped":0,"pct":100},"branches":{"total":8,"covered":8,"skipped":0,"pct":100}}
,"/home/runner/work/1plus1gold/1plus1gold/src/lib/order-item-product.ts": {"lines":{"total":3,"covered":2,"skipped":0,"pct":66.66},"functions":{"total":3,"covered":2,"skipped":0,"pct":66.66},"statements":{"total":5,"covered":3,"skipped":0,"pct":60},"branches":{"total":8,"covered":5,"skipped":0,"pct":62.5}}
,"/home/runner/work/1plus1gold/1plus1gold/src/lib/order-post-payment.ts": {"lines":{"total":87,"covered":81,"skipped":0,"pct":93.1},"functions":{"total":12,"covered":10,"skipped":0,"pct":83.33},"statements":{"total":98,"covered":89,"skipped":0,"pct":90.81},"branches":{"total":83,"covered":56,"skipped":0,"pct":67.46}}
,"/home/runner/work/1plus1gold/1plus1gold/src/lib/order-pricing.ts": {"lines":{"total":29,"covered":29,"skipped":0,"pct":100},"functions":{"total":8,"covered":8,"skipped":0,"pct":100},"statements":{"total":33,"covered":33,"skipped":0,"pct":100},"branches":{"total":30,"covered":26,"skipped":0,"pct":86.66}}
,"/home/runner/work/1plus1gold/1plus1gold/src/lib/packing-slip.ts": {"lines":{"total":91,"covered":54,"skipped":0,"pct":59.34},"functions":{"total":27,"covered":11,"skipped":0,"pct":40.74},"statements":{"total":116,"covered":65,"skipped":0,"pct":56.03},"branches":{"total":142,"covered":68,"skipped":0,"pct":47.88}}
,"/home/runner/work/1plus1gold/1plus1gold/src/lib/payment-fees.ts": {"lines":{"total":23,"covered":23,"skipped":0,"pct":100},"functions":{"total":2,"covered":2,"skipped":0,"pct":100},"statements":{"total":28,"covered":28,"skipped":0,"pct":100},"branches":{"total":58,"covered":48,"skipped":0,"pct":82.75}}
,"/home/runner/work/1plus1gold/1plus1gold/src/lib/payment-groups.ts": {"lines":{"total":6,"covered":6,"skipped":0,"pct":100},"functions":{"total":4,"covered":4,"skipped":0,"pct":100},"statements":{"total":6,"covered":6,"skipped":0,"pct":100},"branches":{"total":8,"covered":7,"skipped":0,"pct":87.5}}
,"/home/runner/work/1plus1gold/1plus1gold/src/lib/pdf-token.ts": {"lines":{"total":29,"covered":26,"skipped":0,"pct":89.65},"functions":{"total":6,"covered":5,"skipped":0,"pct":83.33},"statements":{"total":37,"covered":34,"skipped":0,"pct":91.89},"branches":{"total":19,"covered":19,"skipped":0,"pct":100}}
,"/home/runner/work/1plus1gold/1plus1gold/src/lib/phone.ts": {"lines":{"total":7,"covered":7,"skipped":0,"pct":100},"functions":{"total":1,"covered":1,"skipped":0,"pct":100},"statements":{"total":9,"covered":9,"skipped":0,"pct":100},"branches":{"total":10,"covered":9,"skipped":0,"pct":90}}
,"/home/runner/work/1plus1gold/1plus1gold/src/lib/premiums.ts": {"lines":{"total":72,"covered":36,"skipped":0,"pct":50},"functions":{"total":19,"covered":14,"skipped":0,"pct":73.68},"statements":{"total":88,"covered":45,"skipped":0,"pct":51.13},"branches":{"total":65,"covered":28,"skipped":0,"pct":43.07}}
,"/home/runner/work/1plus1gold/1plus1gold/src/lib/presale-date.ts": {"lines":{"total":5,"covered":5,"skipped":0,"pct":100},"functions":{"total":2,"covered":2,"skipped":0,"pct":100},"statements":{"total":5,"covered":5,"skipped":0,"pct":100},"branches":{"total":1,"covered":1,"skipped":0,"pct":100}}
,"/home/runner/work/1plus1gold/1plus1gold/src/lib/price-staleness.ts": {"lines":{"total":10,"covered":10,"skipped":0,"pct":100},"functions":{"total":2,"covered":2,"skipped":0,"pct":100},"statements":{"total":13,"covered":13,"skipped":0,"pct":100},"branches":{"total":12,"covered":12,"skipped":0,"pct":100}}
,"/home/runner/work/1plus1gold/1plus1gold/src/lib/pricing-snapshot.ts": {"lines":{"total":19,"covered":18,"skipped":0,"pct":94.73},"functions":{"total":1,"covered":1,"skipped":0,"pct":100},"statements":{"total":20,"covered":19,"skipped":0,"pct":95},"branches":{"total":18,"covered":15,"skipped":0,"pct":83.33}}
,"/home/runner/work/1plus1gold/1plus1gold/src/lib/products-cache.ts": {"lines":{"total":7,"covered":2,"skipped":0,"pct":28.57},"functions":{"total":3,"covered":0,"skipped":0,"pct":0},"statements":{"total":9,"covered":2,"skipped":0,"pct":22.22},"branches":{"total":4,"covered":0,"skipped":0,"pct":0}}
,"/home/runner/work/1plus1gold/1plus1gold/src/lib/products.ts": {"lines":{"total":2,"covered":2,"skipped":0,"pct":100},"functions":{"total":1,"covered":1,"skipped":0,"pct":100},"statements":{"total":3,"covered":3,"skipped":0,"pct":100},"branches":{"total":0,"covered":0,"skipped":0,"pct":100}}
,"/home/runner/work/1plus1gold/1plus1gold/src/lib/promo-discount.ts": {"lines":{"total":17,"covered":16,"skipped":0,"pct":94.11},"functions":{"total":3,"covered":3,"skipped":0,"pct":100},"statements":{"total":21,"covered":20,"skipped":0,"pct":95.23},"branches":{"total":24,"covered":20,"skipped":0,"pct":83.33}}
,"/home/runner/work/1plus1gold/1plus1gold/src/lib/promo-storage.ts": {"lines":{"total":28,"covered":24,"skipped":0,"pct":85.71},"functions":{"total":4,"covered":4,"skipped":0,"pct":100},"statements":{"total":35,"covered":28,"skipped":0,"pct":80},"branches":{"total":18,"covered":13,"skipped":0,"pct":72.22}}
,"/home/runner/work/1plus1gold/1plus1gold/src/lib/promo.ts": {"lines":{"total":29,"covered":29,"skipped":0,"pct":100},"functions":{"total":10,"covered":10,"skipped":0,"pct":100},"statements":{"total":31,"covered":31,"skipped":0,"pct":100},"branches":{"total":12,"covered":10,"skipped":0,"pct":83.33}}
,"/home/runner/work/1plus1gold/1plus1gold/src/lib/promos-mine.ts": {"lines":{"total":21,"covered":21,"skipped":0,"pct":100},"functions":{"total":9,"covered":9,"skipped":0,"pct":100},"statements":{"total":24,"covered":24,"skipped":0,"pct":100},"branches":{"total":37,"covered":31,"skipped":0,"pct":83.78}}
,"/home/runner/work/1plus1gold/1plus1gold/src/lib/purchase-orders.ts": {"lines":{"total":30,"covered":30,"skipped":0,"pct":100},"functions":{"total":10,"covered":10,"skipped":0,"pct":100},"statements":{"total":37,"covered":37,"skipped":0,"pct":100},"branches":{"total":28,"covered":23,"skipped":0,"pct":82.14}}
,"/home/runner/work/1plus1gold/1plus1gold/src/lib/rate-limit.ts": {"lines":{"total":77,"covered":70,"skipped":0,"pct":90.9},"functions":{"total":13,"covered":12,"skipped":0,"pct":92.3},"statements":{"total":87,"covered":78,"skipped":0,"pct":89.65},"branches":{"total":49,"covered":37,"skipped":0,"pct":75.51}}
,"/home/runner/work/1plus1gold/1plus1gold/src/lib/recurring-expenses.ts": {"lines":{"total":27,"covered":25,"skipped":0,"pct":92.59},"functions":{"total":6,"covered":6,"skipped":0,"pct":100},"statements":{"total":31,"covered":29,"skipped":0,"pct":93.54},"branches":{"total":14,"covered":13,"skipped":0,"pct":92.85}}
,"/home/runner/work/1plus1gold/1plus1gold/src/lib/referral-discount.ts": {"lines":{"total":11,"covered":11,"skipped":0,"pct":100},"functions":{"total":1,"covered":1,"skipped":0,"pct":100},"statements":{"total":12,"covered":12,"skipped":0,"pct":100},"branches":{"total":2,"covered":2,"skipped":0,"pct":100}}
,"/home/runner/work/1plus1gold/1plus1gold/src/lib/regulatory.ts": {"lines":{"total":6,"covered":4,"skipped":0,"pct":66.66},"functions":{"total":4,"covered":2,"skipped":0,"pct":50},"statements":{"total":6,"covered":4,"skipped":0,"pct":66.66},"branches":{"total":0,"covered":0,"skipped":0,"pct":100}}
,"/home/runner/work/1plus1gold/1plus1gold/src/lib/revalidate-seo.ts": {"lines":{"total":7,"covered":7,"skipped":0,"pct":100},"functions":{"total":1,"covered":1,"skipped":0,"pct":100},"statements":{"total":7,"covered":7,"skipped":0,"pct":100},"branches":{"total":0,"covered":0,"skipped":0,"pct":100}}
,"/home/runner/work/1plus1gold/1plus1gold/src/lib/safe-error.ts": {"lines":{"total":4,"covered":4,"skipped":0,"pct":100},"functions":{"total":1,"covered":1,"skipped":0,"pct":100},"statements":{"total":5,"covered":5,"skipped":0,"pct":100},"branches":{"total":4,"covered":4,"skipped":0,"pct":100}}
,"/home/runner/work/1plus1gold/1plus1gold/src/lib/safe-fetch-url.ts": {"lines":{"total":23,"covered":23,"skipped":0,"pct":100},"functions":{"total":6,"covered":6,"skipped":0,"pct":100},"statements":{"total":33,"covered":32,"skipped":0,"pct":96.96},"branches":{"total":36,"covered":36,"skipped":0,"pct":100}}
,"/home/runner/work/1plus1gold/1plus1gold/src/lib/savings-projection.ts": {"lines":{"total":99,"covered":98,"skipped":0,"pct":98.98},"functions":{"total":8,"covered":8,"skipped":0,"pct":100},"statements":{"total":116,"covered":108,"skipped":0,"pct":93.1},"branches":{"total":74,"covered":59,"skipped":0,"pct":79.72}}
,"/home/runner/work/1plus1gold/1plus1gold/src/lib/select-all-on-focus.ts": {"lines":{"total":5,"covered":5,"skipped":0,"pct":100},"functions":{"total":2,"covered":2,"skipped":0,"pct":100},"statements":{"total":7,"covered":7,"skipped":0,"pct":100},"branches":{"total":2,"covered":2,"skipped":0,"pct":100}}
,"/home/runner/work/1plus1gold/1plus1gold/src/lib/shipper-schedule.ts": {"lines":{"total":36,"covered":28,"skipped":0,"pct":77.77},"functions":{"total":12,"covered":8,"skipped":0,"pct":66.66},"statements":{"total":48,"covered":36,"skipped":0,"pct":75},"branches":{"total":41,"covered":26,"skipped":0,"pct":63.41}}
,"/home/runner/work/1plus1gold/1plus1gold/src/lib/shipperLabel.ts": {"lines":{"total":17,"covered":17,"skipped":0,"pct":100},"functions":{"total":2,"covered":1,"skipped":0,"pct":50},"statements":{"total":26,"covered":22,"skipped":0,"pct":84.61},"branches":{"total":24,"covered":21,"skipped":0,"pct":87.5}}
,"/home/runner/work/1plus1gold/1plus1gold/src/lib/shipping.ts": {"lines":{"total":16,"covered":14,"skipped":0,"pct":87.5},"functions":{"total":3,"covered":1,"skipped":0,"pct":33.33},"statements":{"total":16,"covered":14,"skipped":0,"pct":87.5},"branches":{"total":8,"covered":8,"skipped":0,"pct":100}}
,"/home/runner/work/1plus1gold/1plus1gold/src/lib/shop-catalog.ts": {"lines":{"total":13,"covered":2,"skipped":0,"pct":15.38},"functions":{"total":3,"covered":0,"skipped":0,"pct":0},"statements":{"total":16,"covered":2,"skipped":0,"pct":12.5},"branches":{"total":14,"covered":0,"skipped":0,"pct":0}}
,"/home/runner/work/1plus1gold/1plus1gold/src/lib/shop-pricing.ts": {"lines":{"total":107,"covered":92,"skipped":0,"pct":85.98},"functions":{"total":33,"covered":25,"skipped":0,"pct":75.75},"statements":{"total":129,"covered":107,"skipped":0,"pct":82.94},"branches":{"total":211,"covered":164,"skipped":0,"pct":77.72}}
,"/home/runner/work/1plus1gold/1plus1gold/src/lib/site-metadata.ts": {"lines":{"total":3,"covered":3,"skipped":0,"pct":100},"functions":{"total":0,"covered":0,"skipped":0,"pct":100},"statements":{"total":3,"covered":3,"skipped":0,"pct":100},"branches":{"total":0,"covered":0,"skipped":0,"pct":100}}
,"/home/runner/work/1plus1gold/1plus1gold/src/lib/spx.ts": {"lines":{"total":96,"covered":74,"skipped":0,"pct":77.08},"functions":{"total":23,"covered":17,"skipped":0,"pct":73.91},"statements":{"total":107,"covered":82,"skipped":0,"pct":76.63},"branches":{"total":104,"covered":66,"skipped":0,"pct":63.46}}
,"/home/runner/work/1plus1gold/1plus1gold/src/lib/stock-display.ts": {"lines":{"total":16,"covered":16,"skipped":0,"pct":100},"functions":{"total":5,"covered":5,"skipped":0,"pct":100},"statements":{"total":23,"covered":22,"skipped":0,"pct":95.65},"branches":{"total":33,"covered":31,"skipped":0,"pct":93.93}}
,"/home/runner/work/1plus1gold/1plus1gold/src/lib/structured-data.ts": {"lines":{"total":52,"covered":28,"skipped":0,"pct":53.84},"functions":{"total":17,"covered":11,"skipped":0,"pct":64.7},"statements":{"total":61,"covered":32,"skipped":0,"pct":52.45},"branches":{"total":53,"covered":21,"skipped":0,"pct":39.62}}
,"/home/runner/work/1plus1gold/1plus1gold/src/lib/twilio.ts": {"lines":{"total":147,"covered":128,"skipped":0,"pct":87.07},"functions":{"total":24,"covered":22,"skipped":0,"pct":91.66},"statements":{"total":160,"covered":139,"skipped":0,"pct":86.87},"branches":{"total":64,"covered":42,"skipped":0,"pct":65.62}}
,"/home/runner/work/1plus1gold/1plus1gold/src/lib/utils.ts": {"lines":{"total":8,"covered":2,"skipped":0,"pct":25},"functions":{"total":4,"covered":0,"skipped":0,"pct":0},"statements":{"total":9,"covered":2,"skipped":0,"pct":22.22},"branches":{"total":10,"covered":0,"skipped":0,"pct":0}}
,"/home/runner/work/1plus1gold/1plus1gold/src/lib/validation.ts": {"lines":{"total":24,"covered":23,"skipped":0,"pct":95.83},"functions":{"total":4,"covered":4,"skipped":0,"pct":100},"statements":{"total":24,"covered":23,"skipped":0,"pct":95.83},"branches":{"total":25,"covered":22,"skipped":0,"pct":88}}
,"/home/runner/work/1plus1gold/1plus1gold/src/lib/verify-core.ts": {"lines":{"total":71,"covered":58,"skipped":0,"pct":81.69},"functions":{"total":8,"covered":7,"skipped":0,"pct":87.5},"statements":{"total":80,"covered":64,"skipped":0,"pct":80},"branches":{"total":125,"covered":93,"skipped":0,"pct":74.4}}
,"/home/runner/work/1plus1gold/1plus1gold/src/lib/webauthn.ts": {"lines":{"total":12,"covered":12,"skipped":0,"pct":100},"functions":{"total":3,"covered":3,"skipped":0,"pct":100},"statements":{"total":12,"covered":12,"skipped":0,"pct":100},"branches":{"total":2,"covered":2,"skipped":0,"pct":100}}
,"/home/runner/work/1plus1gold/1plus1gold/src/lib/wholesale-tiers.ts": {"lines":{"total":18,"covered":18,"skipped":0,"pct":100},"functions":{"total":4,"covered":4,"skipped":0,"pct":100},"statements":{"total":23,"covered":23,"skipped":0,"pct":100},"branches":{"total":25,"covered":25,"skipped":0,"pct":100}}
,"/home/runner/work/1plus1gold/1plus1gold/src/lib/account/gift-reservation.ts": {"lines":{"total":24,"covered":24,"skipped":0,"pct":100},"functions":{"total":4,"covered":4,"skipped":0,"pct":100},"statements":{"total":31,"covered":31,"skipped":0,"pct":100},"branches":{"total":41,"covered":38,"skipped":0,"pct":92.68}}
[...]
,"/home/runner/work/1plus1gold/1plus1gold/src/lib/purchase-orders/create.ts": {"lines":{"total":23,"covered":21,"skipped":0,"pct":91.3},"functions":{"total":2,"covered":2,"skipped":0,"pct":100},"statements":{"total":24,"covered":22,"skipped":0,"pct":91.66},"branches":{"total":67,"covered":59,"skipped":0,"pct":88.05}}
,"/home/runner/work/1plus1gold/1plus1gold/src/lib/purchase-orders/totals.ts": {"lines":{"total":4,"covered":4,"skipped":0,"pct":100},"functions":{"total":4,"covered":4,"skipped":0,"pct":100},"statements":{"total":4,"covered":4,"skipped":0,"pct":100},"branches":{"total":14,"covered":12,"skipped":0,"pct":85.71}}
,"/home/runner/work/1plus1gold/1plus1gold/src/lib/push/send.ts": {"lines":{"total":77,"covered":12,"skipped":0,"pct":15.58},"functions":{"total":11,"covered":2,"skipped":0,"pct":18.18},"statements":{"total":88,"covered":13,"skipped":0,"pct":14.77},"branches":{"total":61,"covered":6,"skipped":0,"pct":9.83}}
,"/home/runner/work/1plus1gold/1plus1gold/src/lib/receipt/carrier-note.ts": {"lines":{"total":7,"covered":7,"skipped":0,"pct":100},"functions":{"total":1,"covered":1,"skipped":0,"pct":100},"statements":{"total":8,"covered":8,"skipped":0,"pct":100},"branches":{"total":6,"covered":6,"skipped":0,"pct":100}}
,"/home/runner/work/1plus1gold/1plus1gold/src/lib/receipt/computeHistoryStats.ts": {"lines":{"total":11,"covered":11,"skipped":0,"pct":100},"functions":{"total":3,"covered":3,"skipped":0,"pct":100},"statements":{"total":12,"covered":12,"skipped":0,"pct":100},"branches":{"total":10,"covered":8,"skipped":0,"pct":80}}
,"/home/runner/work/1plus1gold/1plus1gold/src/lib/receipt/generateAgreementPdf.tsx": {"lines":{"total":78,"covered":76,"skipped":0,"pct":97.43},"functions":{"total":17,"covered":16,"skipped":0,"pct":94.11},"statements":{"total":79,"covered":77,"skipped":0,"pct":97.46},"branches":{"total":52,"covered":43,"skipped":0,"pct":82.69}}
,"/home/runner/work/1plus1gold/1plus1gold/src/lib/receipt/generateReceiptPdf.tsx": {"lines":{"total":56,"covered":48,"skipped":0,"pct":85.71},"functions":{"total":15,"covered":14,"skipped":0,"pct":93.33},"statements":{"total":60,"covered":51,"skipped":0,"pct":85},"branches":{"total":113,"covered":91,"skipped":0,"pct":80.53}}
,"/home/runner/work/1plus1gold/1plus1gold/src/lib/receipt/receipt-cache-key.ts": {"lines":{"total":11,"covered":11,"skipped":0,"pct":100},"functions":{"total":4,"covered":4,"skipped":0,"pct":100},"statements":{"total":11,"covered":11,"skipped":0,"pct":100},"branches":{"total":34,"covered":25,"skipped":0,"pct":73.52}}
,"/home/runner/work/1plus1gold/1plus1gold/src/lib/receipt/split-invoice.ts": {"lines":{"total":53,"covered":51,"skipped":0,"pct":96.22},"functions":{"total":20,"covered":20,"skipped":0,"pct":100},"statements":{"total":68,"covered":65,"skipped":0,"pct":95.58},"branches":{"total":58,"covered":50,"skipped":0,"pct":86.2}}
,"/home/runner/work/1plus1gold/1plus1gold/src/lib/security/upstream-watch.ts": {"lines":{"total":19,"covered":19,"skipped":0,"pct":100},"functions":{"total":7,"covered":7,"skipped":0,"pct":100},"statements":{"total":25,"covered":25,"skipped":0,"pct":100},"branches":{"total":25,"covered":25,"skipped":0,"pct":100}}
,"/home/runner/work/1plus1gold/1plus1gold/src/lib/security/view-grant-exposure.ts": {"lines":{"total":4,"covered":4,"skipped":0,"pct":100},"functions":{"total":3,"covered":3,"skipped":0,"pct":100},"statements":{"total":4,"covered":4,"skipped":0,"pct":100},"branches":{"total":0,"covered":0,"skipped":0,"pct":100}}
,"/home/runner/work/1plus1gold/1plus1gold/src/lib/shipping/batch-lalamove.ts": {"lines":{"total":36,"covered":36,"skipped":0,"pct":100},"functions":{"total":5,"covered":5,"skipped":0,"pct":100},"statements":{"total":57,"covered":52,"skipped":0,"pct":91.22},"branches":{"total":48,"covered":41,"skipped":0,"pct":85.41}}
,"/home/runner/work/1plus1gold/1plus1gold/src/lib/shipping/order-packed.ts": {"lines":{"total":5,"covered":3,"skipped":0,"pct":60},"functions":{"total":1,"covered":1,"skipped":0,"pct":100},"statements":{"total":5,"covered":3,"skipped":0,"pct":60},"branches":{"total":4,"covered":2,"skipped":0,"pct":50}}
,"/home/runner/work/1plus1gold/1plus1gold/src/lib/shipping/spx-public-track.ts": {"lines":{"total":39,"covered":36,"skipped":0,"pct":92.3},"functions":{"total":7,"covered":6,"skipped":0,"pct":85.71},"statements":{"total":47,"covered":42,"skipped":0,"pct":89.36},"branches":{"total":51,"covered":41,"skipped":0,"pct":80.39}}
,"/home/runner/work/1plus1gold/1plus1gold/src/lib/shipping/tracking-url.ts": {"lines":{"total":8,"covered":8,"skipped":0,"pct":100},"functions":{"total":4,"covered":4,"skipped":0,"pct":100},"statements":{"total":10,"covered":10,"skipped":0,"pct":100},"branches":{"total":10,"covered":10,"skipped":0,"pct":100}}
,"/home/runner/work/1plus1gold/1plus1gold/src/lib/shopee/brands.ts": {"lines":{"total":7,"covered":7,"skipped":0,"pct":100},"functions":{"total":3,"covered":3,"skipped":0,"pct":100},"statements":{"total":9,"covered":9,"skipped":0,"pct":100},"branches":{"total":8,"covered":7,"skipped":0,"pct":87.5}}
,"/home/runner/work/1plus1gold/1plus1gold/src/lib/shopee/build-listings.ts": {"lines":{"total":23,"covered":22,"skipped":0,"pct":95.65},"functions":{"total":2,"covered":2,"skipped":0,"pct":100},"statements":{"total":28,"covered":27,"skipped":0,"pct":96.42},"branches":{"total":31,"covered":27,"skipped":0,"pct":87.09}}
,"/home/runner/work/1plus1gold/1plus1gold/src/lib/shopee/description.ts": {"lines":{"total":9,"covered":9,"skipped":0,"pct":100},"functions":{"total":3,"covered":3,"skipped":0,"pct":100},"statements":{"total":12,"covered":12,"skipped":0,"pct":100},"branches":{"total":24,"covered":22,"skipped":0,"pct":91.66}}
,"/home/runner/work/1plus1gold/1plus1gold/src/lib/shopee/pricing.ts": {"lines":{"total":9,"covered":9,"skipped":0,"pct":100},"functions":{"total":3,"covered":3,"skipped":0,"pct":100},"statements":{"total":9,"covered":9,"skipped":0,"pct":100},"branches":{"total":10,"covered":8,"skipped":0,"pct":80}}
,"/home/runner/work/1plus1gold/1plus1gold/src/lib/shopee/server.ts": {"lines":{"total":52,"covered":33,"skipped":0,"pct":63.46},"functions":{"total":14,"covered":4,"skipped":0,"pct":28.57},"statements":{"total":67,"covered":38,"skipped":0,"pct":56.71},"branches":{"total":44,"covered":11,"skipped":0,"pct":25}}
,"/home/runner/work/1plus1gold/1plus1gold/src/lib/shopee/sku.ts": {"lines":{"total":9,"covered":9,"skipped":0,"pct":100},"functions":{"total":2,"covered":2,"skipped":0,"pct":100},"statements":{"total":10,"covered":9,"skipped":0,"pct":90},"branches":{"total":12,"covered":10,"skipped":0,"pct":83.33}}
,"/home/runner/work/1plus1gold/1plus1gold/src/lib/shopee/stock.ts": {"lines":{"total":3,"covered":3,"skipped":0,"pct":100},"functions":{"total":1,"covered":1,"skipped":0,"pct":100},"statements":{"total":4,"covered":4,"skipped":0,"pct":100},"branches":{"total":7,"covered":7,"skipped":0,"pct":100}}
,"/home/runner/work/1plus1gold/1plus1gold/src/lib/shopee/xlsx.ts": {"lines":{"total":40,"covered":39,"skipped":0,"pct":97.5},"functions":{"total":7,"covered":6,"skipped":0,"pct":85.71},"statements":{"total":47,"covered":41,"skipped":0,"pct":87.23},"branches":{"total":18,"covered":9,"skipped":0,"pct":50}}
,"/home/runner/work/1plus1gold/1plus1gold/src/lib/spec/buybacks.ts": {"lines":{"total":11,"covered":11,"skipped":0,"pct":100},"functions":{"total":9,"covered":9,"skipped":0,"pct":100},"statements":{"total":11,"covered":11,"skipped":0,"pct":100},"branches":{"total":7,"covered":7,"skipped":0,"pct":100}}
,"/home/runner/work/1plus1gold/1plus1gold/src/lib/spec/calculator.ts": {"lines":{"total":9,"covered":9,"skipped":0,"pct":100},"functions":{"total":8,"covered":8,"skipped":0,"pct":100},"statements":{"total":14,"covered":14,"skipped":0,"pct":100},"branches":{"total":9,"covered":7,"skipped":0,"pct":77.77}}
,"/home/runner/work/1plus1gold/1plus1gold/src/lib/spec/checkout.ts": {"lines":{"total":21,"covered":21,"skipped":0,"pct":100},"functions":{"total":18,"covered":18,"skipped":0,"pct":100},"statements":{"total":26,"covered":26,"skipped":0,"pct":100},"branches":{"total":8,"covered":8,"skipped":0,"pct":100}}
,"/home/runner/work/1plus1gold/1plus1gold/src/lib/spec/claim-external.ts": {"lines":{"total":18,"covered":18,"skipped":0,"pct":100},"functions":{"total":9,"covered":9,"skipped":0,"pct":100},"statements":{"total":26,"covered":26,"skipped":0,"pct":100},"branches":{"total":6,"covered":6,"skipped":0,"pct":100}}
,"/home/runner/work/1plus1gold/1plus1gold/src/lib/spec/conversions.ts": {"lines":{"total":12,"covered":12,"skipped":0,"pct":100},"functions":{"total":7,"covered":7,"skipped":0,"pct":100},"statements":{"total":12,"covered":12,"skipped":0,"pct":100},"branches":{"total":0,"covered":0,"skipped":0,"pct":100}}
,"/home/runner/work/1plus1gold/1plus1gold/src/lib/spec/convert.ts": {"lines":{"total":23,"covered":23,"skipped":0,"pct":100},"functions":{"total":19,"covered":19,"skipped":0,"pct":100},"statements":{"total":27,"covered":27,"skipped":0,"pct":100},"branches":{"total":10,"covered":10,"skipped":0,"pct":100}}
,"/home/runner/work/1plus1gold/1plus1gold/src/lib/spec/crud.ts": {"lines":{"total":11,"covered":2,"skipped":0,"pct":18.18},"functions":{"total":10,"covered":2,"skipped":0,"pct":20},"statements":{"total":11,"covered":2,"skipped":0,"pct":18.18},"branches":{"total":45,"covered":10,"skipped":0,"pct":22.22}}
,"/home/runner/work/1plus1gold/1plus1gold/src/lib/spec/dashboard.ts": {"lines":{"total":30,"covered":30,"skipped":0,"pct":100},"functions":{"total":16,"covered":16,"skipped":0,"pct":100},"statements":{"total":38,"covered":38,"skipped":0,"pct":100},"branches":{"total":9,"covered":8,"skipped":0,"pct":88.88}}
,"/home/runner/work/1plus1gold/1plus1gold/src/lib/spec/orders.ts": {"lines":{"total":38,"covered":38,"skipped":0,"pct":100},"functions":{"total":16,"covered":16,"skipped":0,"pct":100},"statements":{"total":45,"covered":45,"skipped":0,"pct":100},"branches":{"total":25,"covered":23,"skipped":0,"pct":92}}
,"/home/runner/work/1plus1gold/1plus1gold/src/lib/spec/our-pricing.ts": {"lines":{"total":15,"covered":15,"skipped":0,"pct":100},"functions":{"total":10,"covered":10,"skipped":0,"pct":100},"statements":{"total":22,"covered":22,"skipped":0,"pct":100},"branches":{"total":13,"covered":13,"skipped":0,"pct":100}}
,"/home/runner/work/1plus1gold/1plus1gold/src/lib/spec/profile.ts": {"lines":{"total":16,"covered":16,"skipped":0,"pct":100},"functions":{"total":13,"covered":13,"skipped":0,"pct":100},"statements":{"total":18,"covered":18,"skipped":0,"pct":100},"branches":{"total":1,"covered":1,"skipped":0,"pct":100}}
,"/home/runner/work/1plus1gold/1plus1gold/src/lib/spec/security.ts": {"lines":{"total":18,"covered":18,"skipped":0,"pct":100},"functions":{"total":10,"covered":10,"skipped":0,"pct":100},"statements":{"total":23,"covered":23,"skipped":0,"pct":100},"branches":{"total":9,"covered":9,"skipped":0,"pct":100}}
,"/home/runner/work/1plus1gold/1plus1gold/src/lib/spec/sell-to-us.ts": {"lines":{"total":23,"covered":23,"skipped":0,"pct":100},"functions":{"total":16,"covered":16,"skipped":0,"pct":100},"statements":{"total":27,"covered":25,"skipped":0,"pct":92.59},"branches":{"total":12,"covered":10,"skipped":0,"pct":83.33}}
,"/home/runner/work/1plus1gold/1plus1gold/src/lib/spec/shop.ts": {"lines":{"total":28,"covered":28,"skipped":0,"pct":100},"functions":{"total":21,"covered":21,"skipped":0,"pct":100},"statements":{"total":34,"covered":34,"skipped":0,"pct":100},"branches":{"total":21,"covered":21,"skipped":0,"pct":100}}
,"/home/runner/work/1plus1gold/1plus1gold/src/lib/spec/verify.ts": {"lines":{"total":8,"covered":8,"skipped":0,"pct":100},"functions":{"total":4,"covered":4,"skipped":0,"pct":100},"statements":{"total":8,"covered":8,"skipped":0,"pct":100},"branches":{"total":7,"covered":7,"skipped":0,"pct":100}}
,"/home/runner/work/1plus1gold/1plus1gold/src/lib/spec/wholesale.ts": {"lines":{"total":1,"covered":1,"skipped":0,"pct":100},"functions":{"total":1,"covered":1,"skipped":0,"pct":100},"statements":{"total":1,"covered":1,"skipped":0,"pct":100},"branches":{"total":0,"covered":0,"skipped":0,"pct":100}}
,"/home/runner/work/1plus1gold/1plus1gold/src/lib/spec/composites/auth.ts": {"lines":{"total":3,"covered":2,"skipped":0,"pct":66.66},"functions":{"total":3,"covered":2,"skipped":0,"pct":66.66},"statements":{"total":3,"covered":2,"skipped":0,"pct":66.66},"branches":{"total":3,"covered":1,"skipped":0,"pct":33.33}}
,"/home/runner/work/1plus1gold/1plus1gold/src/lib/spot/fetch-spot.ts": {"lines":{"total":163,"covered":12,"skipped":0,"pct":7.36},"functions":{"total":18,"covered":0,"skipped":0,"pct":0},"statements":{"total":207,"covered":12,"skipped":0,"pct":5.79},"branches":{"total":181,"covered":6,"skipped":0,"pct":3.31}}
,"/home/runner/work/1plus1gold/1plus1gold/src/lib/spot/locked-spot-guard.ts": {"lines":{"total":12,"covered":11,"skipped":0,"pct":91.66},"functions":{"total":1,"covered":1,"skipped":0,"pct":100},"statements":{"total":14,"covered":13,"skipped":0,"pct":92.85},"branches":{"total":8,"covered":8,"skipped":0,"pct":100}}
,"/home/runner/work/1plus1gold/1plus1gold/src/lib/types/address.ts": {"lines":{"total":13,"covered":13,"skipped":0,"pct":100},"functions":{"total":3,"covered":3,"skipped":0,"pct":100},"statements":{"total":15,"covered":15,"skipped":0,"pct":100},"branches":{"total":28,"covered":21,"skipped":0,"pct":75}}
,"/home/runner/work/1plus1gold/1plus1gold/src/lib/types/countries.ts": {"lines":{"total":3,"covered":3,"skipped":0,"pct":100},"functions":{"total":1,"covered":1,"skipped":0,"pct":100},"statements":{"total":3,"covered":3,"skipped":0,"pct":100},"branches":{"total":0,"covered":0,"skipped":0,"pct":100}}
,"/home/runner/work/1plus1gold/1plus1gold/src/lib/types/preferences.ts": {"lines":{"total":34,"covered":34,"skipped":0,"pct":100},"functions":{"total":4,"covered":4,"skipped":0,"pct":100},"statements":{"total":38,"covered":38,"skipped":0,"pct":100},"branches":{"total":32,"covered":32,"skipped":0,"pct":100}}
,"/home/runner/work/1plus1gold/1plus1gold/src/lib/types/profile.ts": {"lines":{"total":22,"covered":22,"skipped":0,"pct":100},"functions":{"total":2,"covered":2,"skipped":0,"pct":100},"statements":{"total":29,"covered":27,"skipped":0,"pct":93.1},"branches":{"total":30,"covered":26,"skipped":0,"pct":86.66}}
,"/home/runner/work/1plus1gold/1plus1gold/src/lib/vault/agreement-pdf-config.ts": {"lines":{"total":1,"covered":1,"skipped":0,"pct":100},"functions":{"total":0,"covered":0,"skipped":0,"pct":100},"statements":{"total":1,"covered":1,"skipped":0,"pct":100},"branches":{"total":0,"covered":0,"skipped":0,"pct":100}}
,"/home/runner/work/1plus1gold/1plus1gold/src/lib/vault/audit-media.ts": {"lines":{"total":7,"covered":7,"skipped":0,"pct":100},"functions":{"total":3,"covered":3,"skipped":0,"pct":100},"statements":{"total":8,"covered":8,"skipped":0,"pct":100},"branches":{"total":4,"covered":4,"skipped":0,"pct":100}}
,"/home/runner/work/1plus1gold/1plus1gold/src/lib/vault/audit-reminder.ts": {"lines":{"total":11,"covered":11,"skipped":0,"pct":100},"functions":{"total":4,"covered":4,"skipped":0,"pct":100},"statements":{"total":12,"covered":12,"skipped":0,"pct":100},"branches":{"total":4,"covered":4,"skipped":0,"pct":100}}
,"/home/runner/work/1plus1gold/1plus1gold/src/lib/vault/audit.ts": {"lines":{"total":13,"covered":13,"skipped":0,"pct":100},"functions":{"total":3,"covered":3,"skipped":0,"pct":100},"statements":{"total":18,"covered":18,"skipped":0,"pct":100},"branches":{"total":10,"covered":6,"skipped":0,"pct":60}}
,"/home/runner/work/1plus1gold/1plus1gold/src/lib/vault/custody.ts": {"lines":{"total":73,"covered":60,"skipped":0,"pct":82.19},"functions":{"total":5,"covered":4,"skipped":0,"pct":80},"statements":{"total":86,"covered":66,"skipped":0,"pct":76.74},"branches":{"total":82,"covered":56,"skipped":0,"pct":68.29}}
,"/home/runner/work/1plus1gold/1plus1gold/src/lib/vault/enrolment.ts": {"lines":{"total":11,"covered":11,"skipped":0,"pct":100},"functions":{"total":2,"covered":2,"skipped":0,"pct":100},"statements":{"total":12,"covered":12,"skipped":0,"pct":100},"branches":{"total":9,"covered":8,"skipped":0,"pct":88.88}}
,"/home/runner/work/1plus1gold/1plus1gold/src/lib/vault/liquidation.ts": {"lines":{"total":19,"covered":19,"skipped":0,"pct":100},"functions":{"total":3,"covered":3,"skipped":0,"pct":100},"statements":{"total":25,"covered":21,"skipped":0,"pct":84},"branches":{"total":23,"covered":19,"skipped":0,"pct":82.6}}
,"/home/runner/work/1plus1gold/1plus1gold/src/lib/vault/serials.ts": {"lines":{"total":20,"covered":20,"skipped":0,"pct":100},"functions":{"total":3,"covered":3,"skipped":0,"pct":100},"statements":{"total":25,"covered":24,"skipped":0,"pct":96},"branches":{"total":14,"covered":12,"skipped":0,"pct":85.71}}
,"/home/runner/work/1plus1gold/1plus1gold/src/lib/vault/valuation.ts": {"lines":{"total":17,"covered":13,"skipped":0,"pct":76.47},"functions":{"total":4,"covered":3,"skipped":0,"pct":75},"statements":{"total":21,"covered":16,"skipped":0,"pct":76.19},"branches":{"total":24,"covered":16,"skipped":0,"pct":66.66}}
,"/home/runner/work/1plus1gold/1plus1gold/src/lib/voice/model-config.ts": {"lines":{"total":19,"covered":18,"skipped":0,"pct":94.73},"functions":{"total":2,"covered":2,"skipped":0,"pct":100},"statements":{"total":21,"covered":20,"skipped":0,"pct":95.23},"branches":{"total":20,"covered":18,"skipped":0,"pct":90}}
,"/home/runner/work/1plus1gold/1plus1gold/src/lib/voice/personas.ts": {"lines":{"total":11,"covered":8,"skipped":0,"pct":72.72},"functions":{"total":2,"covered":1,"skipped":0,"pct":50},"statements":{"total":12,"covered":8,"skipped":0,"pct":66.66},"branches":{"total":14,"covered":7,"skipped":0,"pct":50}}
,"/home/runner/work/1plus1gold/1plus1gold/src/lib/voice/realtime-prompt.ts": {"lines":{"total":13,"covered":11,"skipped":0,"pct":84.61},"functions":{"total":3,"covered":2,"skipped":0,"pct":66.66},"statements":{"total":13,"covered":11,"skipped":0,"pct":84.61},"branches":{"total":11,"covered":7,"skipped":0,"pct":63.63}}
,"/home/runner/work/1plus1gold/1plus1gold/src/lib/voice/realtime.ts": {"lines":{"total":252,"covered":81,"skipped":0,"pct":32.14},"functions":{"total":30,"covered":5,"skipped":0,"pct":16.66},"statements":{"total":308,"covered":87,"skipped":0,"pct":28.24},"branches":{"total":213,"covered":41,"skipped":0,"pct":19.24}}
,"/home/runner/work/1plus1gold/1plus1gold/src/lib/voice/sentence-buffer.ts": {"lines":{"total":19,"covered":19,"skipped":0,"pct":100},"functions":{"total":3,"covered":3,"skipped":0,"pct":100},"statements":{"total":21,"covered":21,"skipped":0,"pct":100},"branches":{"total":8,"covered":7,"skipped":0,"pct":87.5}}
,"/home/runner/work/1plus1gold/1plus1gold/src/store/cartStore.ts": {"lines":{"total":47,"covered":39,"skipped":0,"pct":82.97},"functions":{"total":24,"covered":13,"skipped":0,"pct":54.16},"statements":{"total":58,"covered":44,"skipped":0,"pct":75.86},"branches":{"total":43,"covered":40,"skipped":0,"pct":93.02}}
,"/home/runner/work/1plus1gold/1plus1gold/src/store/currencyStore.ts": {"lines":{"total":37,"covered":23,"skipped":0,"pct":62.16},"functions":{"total":19,"covered":13,"skipped":0,"pct":68.42},"statements":{"total":50,"covered":29,"skipped":0,"pct":58},"branches":{"total":26,"covered":15,"skipped":0,"pct":57.69}}
,"/home/runner/work/1plus1gold/1plus1gold/src/store/docPreviewStore.ts": {"lines":{"total":3,"covered":1,"skipped":0,"pct":33.33},"functions":{"total":3,"covered":1,"skipped":0,"pct":33.33},"statements":{"total":4,"covered":2,"skipped":0,"pct":50},"branches":{"total":6,"covered":0,"skipped":0,"pct":0}}
,"/home/runner/work/1plus1gold/1plus1gold/src/store/ownedGramsStore.ts": {"lines":{"total":16,"covered":11,"skipped":0,"pct":68.75},"functions":{"total":4,"covered":3,"skipped":0,"pct":75},"statements":{"total":18,"covered":12,"skipped":0,"pct":66.66},"branches":{"total":14,"covered":7,"skipped":0,"pct":50}}
}
