{"total": {"lines":{"total":4293,"covered":2995,"skipped":0,"pct":69.76},"statements":{"total":4888,"covered":3337,"skipped":0,"pct":68.26},"functions":{"total":690,"covered":441,"skipped":0,"pct":63.91},"branches":{"total":3998,"covered":2348,"skipped":0,"pct":58.72},"branchesTrue":{"total":0,"covered":0,"skipped":0,"pct":100}}
,"/home/runner/work/1plus1gold/1plus1gold/src/instrumentation.ts": {"lines":{"total":13,"covered":12,"skipped":0,"pct":92.3},"functions":{"total":1,"covered":1,"skipped":0,"pct":100},"statements":{"total":15,"covered":13,"skipped":0,"pct":86.66},"branches":{"total":21,"covered":14,"skipped":0,"pct":66.66}}
,"/home/runner/work/1plus1gold/1plus1gold/src/app/api/admin/compliance/cases/route.ts": {"lines":{"total":20,"covered":20,"skipped":0,"pct":100},"functions":{"total":4,"covered":4,"skipped":0,"pct":100},"statements":{"total":23,"covered":23,"skipped":0,"pct":100},"branches":{"total":24,"covered":19,"skipped":0,"pct":79.16}}
,"/home/runner/work/1plus1gold/1plus1gold/src/app/api/admin/compliance/cases/[id]/route.ts": {"lines":{"total":24,"covered":22,"skipped":0,"pct":91.66},"functions":{"total":1,"covered":1,"skipped":0,"pct":100},"statements":{"total":26,"covered":24,"skipped":0,"pct":92.3},"branches":{"total":19,"covered":19,"skipped":0,"pct":100}}
,"/home/runner/work/1plus1gold/1plus1gold/src/app/api/admin/gold-yield/overview/route.ts": {"lines":{"total":34,"covered":28,"skipped":0,"pct":82.35},"functions":{"total":8,"covered":8,"skipped":0,"pct":100},"statements":{"total":37,"covered":29,"skipped":0,"pct":78.37},"branches":{"total":34,"covered":24,"skipped":0,"pct":70.58}}
,"/home/runner/work/1plus1gold/1plus1gold/src/app/api/admin/gold-yield/payout/route.ts": {"lines":{"total":21,"covered":19,"skipped":0,"pct":90.47},"functions":{"total":2,"covered":1,"skipped":0,"pct":50},"statements":{"total":24,"covered":22,"skipped":0,"pct":91.66},"branches":{"total":24,"covered":20,"skipped":0,"pct":83.33}}
,"/home/runner/work/1plus1gold/1plus1gold/src/app/api/admin/ledger/route.ts": {"lines":{"total":52,"covered":33,"skipped":0,"pct":63.46},"functions":{"total":2,"covered":1,"skipped":0,"pct":50},"statements":{"total":66,"covered":38,"skipped":0,"pct":57.57},"branches":{"total":86,"covered":54,"skipped":0,"pct":62.79}}
,"/home/runner/work/1plus1gold/1plus1gold/src/app/api/admin/login/route.ts": {"lines":{"total":40,"covered":37,"skipped":0,"pct":92.5},"functions":{"total":4,"covered":4,"skipped":0,"pct":100},"statements":{"total":44,"covered":40,"skipped":0,"pct":90.9},"branches":{"total":26,"covered":22,"skipped":0,"pct":84.61}}
,"/home/runner/work/1plus1gold/1plus1gold/src/app/api/admin/orders/route.ts": {"lines":{"total":11,"covered":11,"skipped":0,"pct":100},"functions":{"total":4,"covered":4,"skipped":0,"pct":100},"statements":{"total":15,"covered":15,"skipped":0,"pct":100},"branches":{"total":14,"covered":12,"skipped":0,"pct":85.71}}
,"/home/runner/work/1plus1gold/1plus1gold/src/app/api/admin/orders/[id]/book-delivery/route.ts": {"lines":{"total":32,"covered":8,"skipped":0,"pct":25},"functions":{"total":1,"covered":1,"skipped":0,"pct":100},"statements":{"total":33,"covered":9,"skipped":0,"pct":27.27},"branches":{"total":30,"covered":4,"skipped":0,"pct":13.33}}
,"/home/runner/work/1plus1gold/1plus1gold/src/app/api/admin/orders/[id]/status/route.ts": {"lines":{"total":36,"covered":34,"skipped":0,"pct":94.44},"functions":{"total":1,"covered":1,"skipped":0,"pct":100},"statements":{"total":37,"covered":35,"skipped":0,"pct":94.59},"branches":{"total":24,"covered":22,"skipped":0,"pct":91.66}}
,"/home/runner/work/1plus1gold/1plus1gold/src/app/api/admin/promos/route.ts": {"lines":{"total":54,"covered":49,"skipped":0,"pct":90.74},"functions":{"total":8,"covered":6,"skipped":0,"pct":75},"statements":{"total":69,"covered":61,"skipped":0,"pct":88.4},"branches":{"total":77,"covered":59,"skipped":0,"pct":76.62}}
,"/home/runner/work/1plus1gold/1plus1gold/src/app/api/admin/referrals/route.ts": {"lines":{"total":31,"covered":31,"skipped":0,"pct":100},"functions":{"total":3,"covered":3,"skipped":0,"pct":100},"statements":{"total":44,"covered":43,"skipped":0,"pct":97.72},"branches":{"total":34,"covered":24,"skipped":0,"pct":70.58}}
,"/home/runner/work/1plus1gold/1plus1gold/src/app/api/admin/users/route.ts": {"lines":{"total":15,"covered":15,"skipped":0,"pct":100},"functions":{"total":5,"covered":5,"skipped":0,"pct":100},"statements":{"total":20,"covered":20,"skipped":0,"pct":100},"branches":{"total":24,"covered":24,"skipped":0,"pct":100}}
,"/home/runner/work/1plus1gold/1plus1gold/src/app/api/admin/users/[id]/gold-yield-toggle/route.ts": {"lines":{"total":12,"covered":12,"skipped":0,"pct":100},"functions":{"total":1,"covered":1,"skipped":0,"pct":100},"statements":{"total":14,"covered":14,"skipped":0,"pct":100},"branches":{"total":6,"covered":6,"skipped":0,"pct":100}}
,"/home/runner/work/1plus1gold/1plus1gold/src/app/api/admin/verify-2fa/route.ts": {"lines":{"total":28,"covered":24,"skipped":0,"pct":85.71},"functions":{"total":1,"covered":1,"skipped":0,"pct":100},"statements":{"total":28,"covered":24,"skipped":0,"pct":85.71},"branches":{"total":11,"covered":10,"skipped":0,"pct":90.9}}
,"/home/runner/work/1plus1gold/1plus1gold/src/app/api/auth/whatsapp-otp/route.ts": {"lines":{"total":39,"covered":24,"skipped":0,"pct":61.53},"functions":{"total":4,"covered":2,"skipped":0,"pct":50},"statements":{"total":43,"covered":25,"skipped":0,"pct":58.13},"branches":{"total":27,"covered":7,"skipped":0,"pct":25.92}}
,"/home/runner/work/1plus1gold/1plus1gold/src/app/api/cron/lalamove-status-poll/route.ts": {"lines":{"total":57,"covered":50,"skipped":0,"pct":87.71},"functions":{"total":4,"covered":3,"skipped":0,"pct":75},"statements":{"total":60,"covered":53,"skipped":0,"pct":88.33},"branches":{"total":50,"covered":42,"skipped":0,"pct":84}}
,"/home/runner/work/1plus1gold/1plus1gold/src/app/api/lalamove/quote/route.ts": {"lines":{"total":27,"covered":26,"skipped":0,"pct":96.29},"functions":{"total":1,"covered":1,"skipped":0,"pct":100},"statements":{"total":28,"covered":27,"skipped":0,"pct":96.42},"branches":{"total":27,"covered":25,"skipped":0,"pct":92.59}}
,"/home/runner/work/1plus1gold/1plus1gold/src/app/api/lalamove/webhook/route.ts": {"lines":{"total":161,"covered":101,"skipped":0,"pct":62.73},"functions":{"total":19,"covered":3,"skipped":0,"pct":15.78},"statements":{"total":175,"covered":103,"skipped":0,"pct":58.85},"branches":{"total":183,"covered":100,"skipped":0,"pct":54.64}}
,"/home/runner/work/1plus1gold/1plus1gold/src/app/api/payments/hitpay/create/route.ts": {"lines":{"total":134,"covered":111,"skipped":0,"pct":82.83},"functions":{"total":9,"covered":5,"skipped":0,"pct":55.55},"statements":{"total":160,"covered":131,"skipped":0,"pct":81.87},"branches":{"total":167,"covered":107,"skipped":0,"pct":64.07}}
,"/home/runner/work/1plus1gold/1plus1gold/src/app/api/payments/stripe/create-intent/route.ts": {"lines":{"total":146,"covered":116,"skipped":0,"pct":79.45},"functions":{"total":9,"covered":5,"skipped":0,"pct":55.55},"statements":{"total":176,"covered":141,"skipped":0,"pct":80.11},"branches":{"total":156,"covered":110,"skipped":0,"pct":70.51}}
,"/home/runner/work/1plus1gold/1plus1gold/src/app/api/promos/validate/route.ts": {"lines":{"total":45,"covered":37,"skipped":0,"pct":82.22},"functions":{"total":5,"covered":3,"skipped":0,"pct":60},"statements":{"total":48,"covered":40,"skipped":0,"pct":83.33},"branches":{"total":44,"covered":38,"skipped":0,"pct":86.36}}
,"/home/runner/work/1plus1gold/1plus1gold/src/app/api/referrals/validate/route.ts": {"lines":{"total":31,"covered":18,"skipped":0,"pct":58.06},"functions":{"total":3,"covered":1,"skipped":0,"pct":33.33},"statements":{"total":33,"covered":20,"skipped":0,"pct":60.6},"branches":{"total":24,"covered":10,"skipped":0,"pct":41.66}}
,"/home/runner/work/1plus1gold/1plus1gold/src/app/api/webhooks/hitpay/route.ts": {"lines":{"total":101,"covered":62,"skipped":0,"pct":61.38},"functions":{"total":4,"covered":3,"skipped":0,"pct":75},"statements":{"total":103,"covered":62,"skipped":0,"pct":60.19},"branches":{"total":93,"covered":43,"skipped":0,"pct":46.23}}
,"/home/runner/work/1plus1gold/1plus1gold/src/app/api/webhooks/stripe/route.ts": {"lines":{"total":106,"covered":89,"skipped":0,"pct":83.96},"functions":{"total":7,"covered":5,"skipped":0,"pct":71.42},"statements":{"total":113,"covered":92,"skipped":0,"pct":81.41},"branches":{"total":122,"covered":77,"skipped":0,"pct":63.11}}
,"/home/runner/work/1plus1gold/1plus1gold/src/lib/admin-auth.ts": {"lines":{"total":34,"covered":33,"skipped":0,"pct":97.05},"functions":{"total":5,"covered":5,"skipped":0,"pct":100},"statements":{"total":39,"covered":38,"skipped":0,"pct":97.43},"branches":{"total":23,"covered":23,"skipped":0,"pct":100}}
,"/home/runner/work/1plus1gold/1plus1gold/src/lib/ai-calculator.ts": {"lines":{"total":116,"covered":59,"skipped":0,"pct":50.86},"functions":{"total":39,"covered":18,"skipped":0,"pct":46.15},"statements":{"total":143,"covered":67,"skipped":0,"pct":46.85},"branches":{"total":93,"covered":39,"skipped":0,"pct":41.93}}
,"/home/runner/work/1plus1gold/1plus1gold/src/lib/buybacks.ts": {"lines":{"total":24,"covered":12,"skipped":0,"pct":50},"functions":{"total":7,"covered":6,"skipped":0,"pct":85.71},"statements":{"total":35,"covered":17,"skipped":0,"pct":48.57},"branches":{"total":38,"covered":7,"skipped":0,"pct":18.42}}
,"/home/runner/work/1plus1gold/1plus1gold/src/lib/conversions.ts": {"lines":{"total":23,"covered":20,"skipped":0,"pct":86.95},"functions":{"total":5,"covered":5,"skipped":0,"pct":100},"statements":{"total":27,"covered":23,"skipped":0,"pct":85.18},"branches":{"total":36,"covered":28,"skipped":0,"pct":77.77}}
,"/home/runner/work/1plus1gold/1plus1gold/src/lib/cron-auth.ts": {"lines":{"total":8,"covered":8,"skipped":0,"pct":100},"functions":{"total":1,"covered":1,"skipped":0,"pct":100},"statements":{"total":8,"covered":8,"skipped":0,"pct":100},"branches":{"total":8,"covered":8,"skipped":0,"pct":100}}
,"/home/runner/work/1plus1gold/1plus1gold/src/lib/currencies.ts": {"lines":{"total":1,"covered":1,"skipped":0,"pct":100},"functions":{"total":0,"covered":0,"skipped":0,"pct":100},"statements":{"total":1,"covered":1,"skipped":0,"pct":100},"branches":{"total":0,"covered":0,"skipped":0,"pct":100}}
,"/home/runner/work/1plus1gold/1plus1gold/src/lib/currency.ts": {"lines":{"total":5,"covered":5,"skipped":0,"pct":100},"functions":{"total":1,"covered":1,"skipped":0,"pct":100},"statements":{"total":5,"covered":5,"skipped":0,"pct":100},"branches":{"total":4,"covered":3,"skipped":0,"pct":75}}
,"/home/runner/work/1plus1gold/1plus1gold/src/lib/curve-accumulation.ts": {"lines":{"total":5,"covered":3,"skipped":0,"pct":60},"functions":{"total":1,"covered":1,"skipped":0,"pct":100},"statements":{"total":5,"covered":3,"skipped":0,"pct":60},"branches":{"total":4,"covered":3,"skipped":0,"pct":75}}
,"/home/runner/work/1plus1gold/1plus1gold/src/lib/discounts.ts": {"lines":{"total":23,"covered":23,"skipped":0,"pct":100},"functions":{"total":2,"covered":2,"skipped":0,"pct":100},"statements":{"total":24,"covered":24,"skipped":0,"pct":100},"branches":{"total":10,"covered":10,"skipped":0,"pct":100}}
,"/home/runner/work/1plus1gold/1plus1gold/src/lib/gold.ts": {"lines":{"total":74,"covered":73,"skipped":0,"pct":98.64},"functions":{"total":19,"covered":19,"skipped":0,"pct":100},"statements":{"total":90,"covered":89,"skipped":0,"pct":98.88},"branches":{"total":58,"covered":55,"skipped":0,"pct":94.82}}
,"/home/runner/work/1plus1gold/1plus1gold/src/lib/gy-calculator.ts": {"lines":{"total":48,"covered":48,"skipped":0,"pct":100},"functions":{"total":5,"covered":5,"skipped":0,"pct":100},"statements":{"total":52,"covered":52,"skipped":0,"pct":100},"branches":{"total":22,"covered":17,"skipped":0,"pct":77.27}}
,"/home/runner/work/1plus1gold/1plus1gold/src/lib/hitpay-conversion.ts": {"lines":{"total":63,"covered":0,"skipped":0,"pct":0},"functions":{"total":13,"covered":0,"skipped":0,"pct":0},"statements":{"total":71,"covered":0,"skipped":0,"pct":0},"branches":{"total":74,"covered":0,"skipped":0,"pct":0}}
,"/home/runner/work/1plus1gold/1plus1gold/src/lib/hitpay-order.ts": {"lines":{"total":88,"covered":84,"skipped":0,"pct":95.45},"functions":{"total":8,"covered":6,"skipped":0,"pct":75},"statements":{"total":92,"covered":86,"skipped":0,"pct":93.47},"branches":{"total":109,"covered":70,"skipped":0,"pct":64.22}}
,"/home/runner/work/1plus1gold/1plus1gold/src/lib/inventory-fulfilment.ts": {"lines":{"total":116,"covered":2,"skipped":0,"pct":1.72},"functions":{"total":14,"covered":1,"skipped":0,"pct":7.14},"statements":{"total":131,"covered":3,"skipped":0,"pct":2.29},"branches":{"total":78,"covered":1,"skipped":0,"pct":1.28}}
,"/home/runner/work/1plus1gold/1plus1gold/src/lib/inventory.ts": {"lines":{"total":7,"covered":7,"skipped":0,"pct":100},"functions":{"total":2,"covered":2,"skipped":0,"pct":100},"statements":{"total":12,"covered":12,"skipped":0,"pct":100},"branches":{"total":16,"covered":16,"skipped":0,"pct":100}}
,"/home/runner/work/1plus1gold/1plus1gold/src/lib/lalamove.ts": {"lines":{"total":75,"covered":56,"skipped":0,"pct":74.66},"functions":{"total":14,"covered":11,"skipped":0,"pct":78.57},"statements":{"total":78,"covered":58,"skipped":0,"pct":74.35},"branches":{"total":108,"covered":64,"skipped":0,"pct":59.25}}
,"/home/runner/work/1plus1gold/1plus1gold/src/lib/ledger.ts": {"lines":{"total":72,"covered":42,"skipped":0,"pct":58.33},"functions":{"total":5,"covered":4,"skipped":0,"pct":80},"statements":{"total":72,"covered":42,"skipped":0,"pct":58.33},"branches":{"total":68,"covered":44,"skipped":0,"pct":64.7}}
,"/home/runner/work/1plus1gold/1plus1gold/src/lib/log-redact.ts": {"lines":{"total":6,"covered":6,"skipped":0,"pct":100},"functions":{"total":2,"covered":2,"skipped":0,"pct":100},"statements":{"total":9,"covered":6,"skipped":0,"pct":66.66},"branches":{"total":8,"covered":4,"skipped":0,"pct":50}}
,"/home/runner/work/1plus1gold/1plus1gold/src/lib/magic-bytes.ts": {"lines":{"total":28,"covered":28,"skipped":0,"pct":100},"functions":{"total":3,"covered":3,"skipped":0,"pct":100},"statements":{"total":38,"covered":38,"skipped":0,"pct":100},"branches":{"total":35,"covered":35,"skipped":0,"pct":100}}
,"/home/runner/work/1plus1gold/1plus1gold/src/lib/ninjavan.ts": {"lines":{"total":108,"covered":34,"skipped":0,"pct":31.48},"functions":{"total":20,"covered":6,"skipped":0,"pct":30},"statements":{"total":120,"covered":41,"skipped":0,"pct":34.16},"branches":{"total":106,"covered":26,"skipped":0,"pct":24.52}}
,"/home/runner/work/1plus1gold/1plus1gold/src/lib/order-accessories.ts": {"lines":{"total":31,"covered":2,"skipped":0,"pct":6.45},"functions":{"total":6,"covered":2,"skipped":0,"pct":33.33},"statements":{"total":47,"covered":4,"skipped":0,"pct":8.51},"branches":{"total":40,"covered":2,"skipped":0,"pct":5}}
,"/home/runner/work/1plus1gold/1plus1gold/src/lib/order-aggregations.ts": {"lines":{"total":54,"covered":47,"skipped":0,"pct":87.03},"functions":{"total":11,"covered":8,"skipped":0,"pct":72.72},"statements":{"total":60,"covered":50,"skipped":0,"pct":83.33},"branches":{"total":53,"covered":35,"skipped":0,"pct":66.03}}
,"/home/runner/work/1plus1gold/1plus1gold/src/lib/order-item-product.ts": {"lines":{"total":3,"covered":2,"skipped":0,"pct":66.66},"functions":{"total":3,"covered":2,"skipped":0,"pct":66.66},"statements":{"total":5,"covered":3,"skipped":0,"pct":60},"branches":{"total":8,"covered":5,"skipped":0,"pct":62.5}}
,"/home/runner/work/1plus1gold/1plus1gold/src/lib/order-post-payment.ts": {"lines":{"total":62,"covered":59,"skipped":0,"pct":95.16},"functions":{"total":8,"covered":6,"skipped":0,"pct":75},"statements":{"total":71,"covered":65,"skipped":0,"pct":91.54},"branches":{"total":47,"covered":35,"skipped":0,"pct":74.46}}
,"/home/runner/work/1plus1gold/1plus1gold/src/lib/pdf-token.ts": {"lines":{"total":29,"covered":26,"skipped":0,"pct":89.65},"functions":{"total":6,"covered":5,"skipped":0,"pct":83.33},"statements":{"total":37,"covered":33,"skipped":0,"pct":89.18},"branches":{"total":19,"covered":18,"skipped":0,"pct":94.73}}
,"/home/runner/work/1plus1gold/1plus1gold/src/lib/premiums.ts": {"lines":{"total":15,"covered":15,"skipped":0,"pct":100},"functions":{"total":5,"covered":5,"skipped":0,"pct":100},"statements":{"total":19,"covered":19,"skipped":0,"pct":100},"branches":{"total":8,"covered":8,"skipped":0,"pct":100}}
,"/home/runner/work/1plus1gold/1plus1gold/src/lib/price-staleness.ts": {"lines":{"total":12,"covered":12,"skipped":0,"pct":100},"functions":{"total":2,"covered":2,"skipped":0,"pct":100},"statements":{"total":15,"covered":15,"skipped":0,"pct":100},"branches":{"total":22,"covered":21,"skipped":0,"pct":95.45}}
,"/home/runner/work/1plus1gold/1plus1gold/src/lib/products.ts": {"lines":{"total":2,"covered":2,"skipped":0,"pct":100},"functions":{"total":1,"covered":1,"skipped":0,"pct":100},"statements":{"total":3,"covered":3,"skipped":0,"pct":100},"branches":{"total":0,"covered":0,"skipped":0,"pct":100}}
,"/home/runner/work/1plus1gold/1plus1gold/src/lib/promo.ts": {"lines":{"total":17,"covered":17,"skipped":0,"pct":100},"functions":{"total":6,"covered":6,"skipped":0,"pct":100},"statements":{"total":18,"covered":18,"skipped":0,"pct":100},"branches":{"total":4,"covered":4,"skipped":0,"pct":100}}
,"/home/runner/work/1plus1gold/1plus1gold/src/lib/purchase-orders.ts": {"lines":{"total":25,"covered":25,"skipped":0,"pct":100},"functions":{"total":9,"covered":9,"skipped":0,"pct":100},"statements":{"total":30,"covered":30,"skipped":0,"pct":100},"branches":{"total":18,"covered":13,"skipped":0,"pct":72.22}}
,"/home/runner/work/1plus1gold/1plus1gold/src/lib/rate-limit.ts": {"lines":{"total":73,"covered":66,"skipped":0,"pct":90.41},"functions":{"total":11,"covered":10,"skipped":0,"pct":90.9},"statements":{"total":82,"covered":73,"skipped":0,"pct":89.02},"branches":{"total":44,"covered":32,"skipped":0,"pct":72.72}}
,"/home/runner/work/1plus1gold/1plus1gold/src/lib/recurring-expenses.ts": {"lines":{"total":27,"covered":25,"skipped":0,"pct":92.59},"functions":{"total":6,"covered":6,"skipped":0,"pct":100},"statements":{"total":31,"covered":29,"skipped":0,"pct":93.54},"branches":{"total":14,"covered":13,"skipped":0,"pct":92.85}}
,"/home/runner/work/1plus1gold/1plus1gold/src/lib/safe-error.ts": {"lines":{"total":4,"covered":4,"skipped":0,"pct":100},"functions":{"total":1,"covered":1,"skipped":0,"pct":100},"statements":{"total":4,"covered":4,"skipped":0,"pct":100},"branches":{"total":4,"covered":4,"skipped":0,"pct":100}}
,"/home/runner/work/1plus1gold/1plus1gold/src/lib/shipper-schedule.ts": {"lines":{"total":36,"covered":28,"skipped":0,"pct":77.77},"functions":{"total":12,"covered":8,"skipped":0,"pct":66.66},"statements":{"total":48,"covered":36,"skipped":0,"pct":75},"branches":{"total":41,"covered":26,"skipped":0,"pct":63.41}}
,"/home/runner/work/1plus1gold/1plus1gold/src/lib/twilio.ts": {"lines":{"total":113,"covered":98,"skipped":0,"pct":86.72},"functions":{"total":22,"covered":20,"skipped":0,"pct":90.9},"statements":{"total":124,"covered":109,"skipped":0,"pct":87.9},"branches":{"total":54,"covered":38,"skipped":0,"pct":70.37}}
,"/home/runner/work/1plus1gold/1plus1gold/src/lib/validation.ts": {"lines":{"total":12,"covered":12,"skipped":0,"pct":100},"functions":{"total":1,"covered":1,"skipped":0,"pct":100},"statements":{"total":12,"covered":12,"skipped":0,"pct":100},"branches":{"total":4,"covered":3,"skipped":0,"pct":75}}
,"/home/runner/work/1plus1gold/1plus1gold/src/lib/ai/base-agent.ts": {"lines":{"total":75,"covered":13,"skipped":0,"pct":17.33},"functions":{"total":12,"covered":2,"skipped":0,"pct":16.66},"statements":{"total":81,"covered":15,"skipped":0,"pct":18.51},"branches":{"total":68,"covered":15,"skipped":0,"pct":22.05}}
,"/home/runner/work/1plus1gold/1plus1gold/src/lib/ai/budget.ts": {"lines":{"total":33,"covered":3,"skipped":0,"pct":9.09},"functions":{"total":6,"covered":0,"skipped":0,"pct":0},"statements":{"total":37,"covered":3,"skipped":0,"pct":8.1},"branches":{"total":33,"covered":0,"skipped":0,"pct":0}}
,"/home/runner/work/1plus1gold/1plus1gold/src/lib/ai/build-prompt.ts": {"lines":{"total":33,"covered":24,"skipped":0,"pct":72.72},"functions":{"total":3,"covered":2,"skipped":0,"pct":66.66},"statements":{"total":36,"covered":26,"skipped":0,"pct":72.22},"branches":{"total":18,"covered":11,"skipped":0,"pct":61.11}}
,"/home/runner/work/1plus1gold/1plus1gold/src/lib/ai/client.ts": {"lines":{"total":11,"covered":1,"skipped":0,"pct":9.09},"functions":{"total":2,"covered":0,"skipped":0,"pct":0},"statements":{"total":12,"covered":1,"skipped":0,"pct":8.33},"branches":{"total":6,"covered":0,"skipped":0,"pct":0}}
,"/home/runner/work/1plus1gold/1plus1gold/src/lib/ai/persona.ts": {"lines":{"total":7,"covered":7,"skipped":0,"pct":100},"functions":{"total":2,"covered":2,"skipped":0,"pct":100},"statements":{"total":8,"covered":8,"skipped":0,"pct":100},"branches":{"total":2,"covered":2,"skipped":0,"pct":100}}
,"/home/runner/work/1plus1gold/1plus1gold/src/lib/ai/registry.ts": {"lines":{"total":27,"covered":8,"skipped":0,"pct":29.62},"functions":{"total":5,"covered":1,"skipped":0,"pct":20},"statements":{"total":29,"covered":8,"skipped":0,"pct":27.58},"branches":{"total":32,"covered":8,"skipped":0,"pct":25}}
,"/home/runner/work/1plus1gold/1plus1gold/src/lib/ai/snapshot.ts": {"lines":{"total":9,"covered":2,"skipped":0,"pct":22.22},"functions":{"total":3,"covered":1,"skipped":0,"pct":33.33},"statements":{"total":10,"covered":2,"skipped":0,"pct":20},"branches":{"total":8,"covered":0,"skipped":0,"pct":0}}
,"/home/runner/work/1plus1gold/1plus1gold/src/lib/ai/agents/pentest-sim/agent.ts": {"lines":{"total":102,"covered":36,"skipped":0,"pct":35.29},"functions":{"total":16,"covered":2,"skipped":0,"pct":12.5},"statements":{"total":121,"covered":50,"skipped":0,"pct":41.32},"branches":{"total":80,"covered":26,"skipped":0,"pct":32.5}}
,"/home/runner/work/1plus1gold/1plus1gold/src/lib/ai/agents/pentest-sim/cookie-bakery.ts": {"lines":{"total":35,"covered":32,"skipped":0,"pct":91.42},"functions":{"total":8,"covered":5,"skipped":0,"pct":62.5},"statements":{"total":38,"covered":33,"skipped":0,"pct":86.84},"branches":{"total":12,"covered":10,"skipped":0,"pct":83.33}}
,"/home/runner/work/1plus1gold/1plus1gold/src/lib/ai/agents/pentest-sim/crawler.ts": {"lines":{"total":101,"covered":100,"skipped":0,"pct":99},"functions":{"total":15,"covered":14,"skipped":0,"pct":93.33},"statements":{"total":126,"covered":114,"skipped":0,"pct":90.47},"branches":{"total":81,"covered":66,"skipped":0,"pct":81.48}}
,"/home/runner/work/1plus1gold/1plus1gold/src/lib/ai/agents/pentest-sim/probe-harness.ts": {"lines":{"total":68,"covered":54,"skipped":0,"pct":79.41},"functions":{"total":7,"covered":5,"skipped":0,"pct":71.42},"statements":{"total":72,"covered":57,"skipped":0,"pct":79.16},"branches":{"total":49,"covered":35,"skipped":0,"pct":71.42}}
,"/home/runner/work/1plus1gold/1plus1gold/src/lib/ai/agents/pentest-sim/run-state.ts": {"lines":{"total":72,"covered":65,"skipped":0,"pct":90.27},"functions":{"total":17,"covered":12,"skipped":0,"pct":70.58},"statements":{"total":87,"covered":75,"skipped":0,"pct":86.2},"branches":{"total":87,"covered":67,"skipped":0,"pct":77.01}}
,"/home/runner/work/1plus1gold/1plus1gold/src/lib/ai/agents/pentest-sim/validate-findings.ts": {"lines":{"total":125,"covered":117,"skipped":0,"pct":93.6},"functions":{"total":15,"covered":15,"skipped":0,"pct":100},"statements":{"total":136,"covered":124,"skipped":0,"pct":91.17},"branches":{"total":129,"covered":104,"skipped":0,"pct":80.62}}
,"/home/runner/work/1plus1gold/1plus1gold/src/lib/auth/otp-utils.ts": {"lines":{"total":15,"covered":15,"skipped":0,"pct":100},"functions":{"total":2,"covered":2,"skipped":0,"pct":100},"statements":{"total":15,"covered":15,"skipped":0,"pct":100},"branches":{"total":7,"covered":7,"skipped":0,"pct":100}}
,"/home/runner/work/1plus1gold/1plus1gold/src/lib/auth/phone-utils.ts": {"lines":{"total":17,"covered":7,"skipped":0,"pct":41.17},"functions":{"total":7,"covered":4,"skipped":0,"pct":57.14},"statements":{"total":21,"covered":8,"skipped":0,"pct":38.09},"branches":{"total":12,"covered":4,"skipped":0,"pct":33.33}}
,"/home/runner/work/1plus1gold/1plus1gold/src/lib/kyc/constants.ts": {"lines":{"total":3,"covered":3,"skipped":0,"pct":100},"functions":{"total":0,"covered":0,"skipped":0,"pct":100},"statements":{"total":3,"covered":3,"skipped":0,"pct":100},"branches":{"total":0,"covered":0,"skipped":0,"pct":100}}
,"/home/runner/work/1plus1gold/1plus1gold/src/lib/newsletter/aggregator.ts": {"lines":{"total":51,"covered":43,"skipped":0,"pct":84.31},"functions":{"total":9,"covered":7,"skipped":0,"pct":77.77},"statements":{"total":59,"covered":46,"skipped":0,"pct":77.96},"branches":{"total":28,"covered":13,"skipped":0,"pct":46.42}}
,"/home/runner/work/1plus1gold/1plus1gold/src/lib/newsletter/blocks.ts": {"lines":{"total":48,"covered":39,"skipped":0,"pct":81.25},"functions":{"total":4,"covered":4,"skipped":0,"pct":100},"statements":{"total":50,"covered":41,"skipped":0,"pct":82},"branches":{"total":52,"covered":42,"skipped":0,"pct":80.76}}
,"/home/runner/work/1plus1gold/1plus1gold/src/lib/newsletter/chart-utils.ts": {"lines":{"total":10,"covered":0,"skipped":0,"pct":0},"functions":{"total":3,"covered":0,"skipped":0,"pct":0},"statements":{"total":15,"covered":0,"skipped":0,"pct":0},"branches":{"total":4,"covered":0,"skipped":0,"pct":0}}
,"/home/runner/work/1plus1gold/1plus1gold/src/lib/newsletter/generateNewsletterPdf.tsx": {"lines":{"total":128,"covered":108,"skipped":0,"pct":84.37},"functions":{"total":41,"covered":32,"skipped":0,"pct":78.04},"statements":{"total":133,"covered":110,"skipped":0,"pct":82.7},"branches":{"total":244,"covered":156,"skipped":0,"pct":63.93}}
,"/home/runner/work/1plus1gold/1plus1gold/src/lib/newsletter/labels.ts": {"lines":{"total":6,"covered":4,"skipped":0,"pct":66.66},"functions":{"total":3,"covered":2,"skipped":0,"pct":66.66},"statements":{"total":7,"covered":4,"skipped":0,"pct":57.14},"branches":{"total":4,"covered":1,"skipped":0,"pct":25}}
,"/home/runner/work/1plus1gold/1plus1gold/src/lib/newsletter/pdf-charts.tsx": {"lines":{"total":137,"covered":60,"skipped":0,"pct":43.79},"functions":{"total":39,"covered":16,"skipped":0,"pct":41.02},"statements":{"total":168,"covered":70,"skipped":0,"pct":41.66},"branches":{"total":74,"covered":25,"skipped":0,"pct":33.78}}
,"/home/runner/work/1plus1gold/1plus1gold/src/lib/newsletter/tokenise.ts": {"lines":{"total":55,"covered":43,"skipped":0,"pct":78.18},"functions":{"total":9,"covered":9,"skipped":0,"pct":100},"statements":{"total":58,"covered":46,"skipped":0,"pct":79.31},"branches":{"total":31,"covered":16,"skipped":0,"pct":51.61}}
,"/home/runner/work/1plus1gold/1plus1gold/src/lib/nfc/serial.ts": {"lines":{"total":19,"covered":19,"skipped":0,"pct":100},"functions":{"total":4,"covered":4,"skipped":0,"pct":100},"statements":{"total":23,"covered":23,"skipped":0,"pct":100},"branches":{"total":10,"covered":10,"skipped":0,"pct":100}}
,"/home/runner/work/1plus1gold/1plus1gold/src/lib/pdf/branding.tsx": {"lines":{"total":26,"covered":24,"skipped":0,"pct":92.3},"functions":{"total":9,"covered":7,"skipped":0,"pct":77.77},"statements":{"total":27,"covered":24,"skipped":0,"pct":88.88},"branches":{"total":13,"covered":12,"skipped":0,"pct":92.3}}
,"/home/runner/work/1plus1gold/1plus1gold/src/lib/pentest/generatePentestReportPdf.tsx": {"lines":{"total":64,"covered":61,"skipped":0,"pct":95.31},"functions":{"total":5,"covered":5,"skipped":0,"pct":100},"statements":{"total":67,"covered":64,"skipped":0,"pct":95.52},"branches":{"total":44,"covered":38,"skipped":0,"pct":86.36}}
,"/home/runner/work/1plus1gold/1plus1gold/src/lib/receipt/computeHistoryStats.ts": {"lines":{"total":11,"covered":11,"skipped":0,"pct":100},"functions":{"total":3,"covered":3,"skipped":0,"pct":100},"statements":{"total":12,"covered":12,"skipped":0,"pct":100},"branches":{"total":10,"covered":8,"skipped":0,"pct":80}}
,"/home/runner/work/1plus1gold/1plus1gold/src/lib/voice/personas.ts": {"lines":{"total":10,"covered":7,"skipped":0,"pct":70},"functions":{"total":2,"covered":1,"skipped":0,"pct":50},"statements":{"total":11,"covered":7,"skipped":0,"pct":63.63},"branches":{"total":15,"covered":8,"skipped":0,"pct":53.33}}
,"/home/runner/work/1plus1gold/1plus1gold/src/lib/voice/realtime-prompt.ts": {"lines":{"total":12,"covered":10,"skipped":0,"pct":83.33},"functions":{"total":3,"covered":2,"skipped":0,"pct":66.66},"statements":{"total":12,"covered":10,"skipped":0,"pct":83.33},"branches":{"total":11,"covered":7,"skipped":0,"pct":63.63}}
,"/home/runner/work/1plus1gold/1plus1gold/src/lib/voice/realtime.ts": {"lines":{"total":218,"covered":64,"skipped":0,"pct":29.35},"functions":{"total":27,"covered":3,"skipped":0,"pct":11.11},"statements":{"total":251,"covered":68,"skipped":0,"pct":27.09},"branches":{"total":175,"covered":33,"skipped":0,"pct":18.85}}
,"/home/runner/work/1plus1gold/1plus1gold/src/lib/voice/sentence-buffer.ts": {"lines":{"total":19,"covered":19,"skipped":0,"pct":100},"functions":{"total":3,"covered":3,"skipped":0,"pct":100},"statements":{"total":21,"covered":21,"skipped":0,"pct":100},"branches":{"total":8,"covered":7,"skipped":0,"pct":87.5}}
,"/home/runner/work/1plus1gold/1plus1gold/src/store/currencyStore.ts": {"lines":{"total":37,"covered":23,"skipped":0,"pct":62.16},"functions":{"total":19,"covered":13,"skipped":0,"pct":68.42},"statements":{"total":50,"covered":29,"skipped":0,"pct":58},"branches":{"total":26,"covered":15,"skipped":0,"pct":57.69}}
}
