{"total": {"lines":{"total":2763,"covered":1880,"skipped":0,"pct":68.04},"statements":{"total":3156,"covered":2114,"skipped":0,"pct":66.98},"functions":{"total":408,"covered":249,"skipped":0,"pct":61.02},"branches":{"total":2689,"covered":1547,"skipped":0,"pct":57.53},"branchesTrue":{"total":0,"covered":0,"skipped":0,"pct":100}}
,"/home/runner/work/1plus1gold/1plus1gold/src/app/api/admin/compliance/cases/route.ts": {"lines":{"total":20,"covered":20,"skipped":0,"pct":100},"functions":{"total":4,"covered":4,"skipped":0,"pct":100},"statements":{"total":23,"covered":23,"skipped":0,"pct":100},"branches":{"total":24,"covered":19,"skipped":0,"pct":79.16}}
,"/home/runner/work/1plus1gold/1plus1gold/src/app/api/admin/compliance/cases/[id]/route.ts": {"lines":{"total":24,"covered":22,"skipped":0,"pct":91.66},"functions":{"total":1,"covered":1,"skipped":0,"pct":100},"statements":{"total":26,"covered":24,"skipped":0,"pct":92.3},"branches":{"total":19,"covered":19,"skipped":0,"pct":100}}
,"/home/runner/work/1plus1gold/1plus1gold/src/app/api/admin/gold-yield/overview/route.ts": {"lines":{"total":34,"covered":28,"skipped":0,"pct":82.35},"functions":{"total":8,"covered":8,"skipped":0,"pct":100},"statements":{"total":37,"covered":29,"skipped":0,"pct":78.37},"branches":{"total":34,"covered":24,"skipped":0,"pct":70.58}}
,"/home/runner/work/1plus1gold/1plus1gold/src/app/api/admin/gold-yield/payout/route.ts": {"lines":{"total":21,"covered":19,"skipped":0,"pct":90.47},"functions":{"total":2,"covered":1,"skipped":0,"pct":50},"statements":{"total":24,"covered":22,"skipped":0,"pct":91.66},"branches":{"total":24,"covered":20,"skipped":0,"pct":83.33}}
,"/home/runner/work/1plus1gold/1plus1gold/src/app/api/admin/ledger/route.ts": {"lines":{"total":52,"covered":33,"skipped":0,"pct":63.46},"functions":{"total":2,"covered":1,"skipped":0,"pct":50},"statements":{"total":66,"covered":38,"skipped":0,"pct":57.57},"branches":{"total":86,"covered":54,"skipped":0,"pct":62.79}}
,"/home/runner/work/1plus1gold/1plus1gold/src/app/api/admin/login/route.ts": {"lines":{"total":14,"covered":14,"skipped":0,"pct":100},"functions":{"total":1,"covered":1,"skipped":0,"pct":100},"statements":{"total":14,"covered":14,"skipped":0,"pct":100},"branches":{"total":8,"covered":8,"skipped":0,"pct":100}}
,"/home/runner/work/1plus1gold/1plus1gold/src/app/api/admin/orders/route.ts": {"lines":{"total":11,"covered":11,"skipped":0,"pct":100},"functions":{"total":4,"covered":4,"skipped":0,"pct":100},"statements":{"total":15,"covered":15,"skipped":0,"pct":100},"branches":{"total":14,"covered":12,"skipped":0,"pct":85.71}}
,"/home/runner/work/1plus1gold/1plus1gold/src/app/api/admin/orders/[id]/book-delivery/route.ts": {"lines":{"total":32,"covered":8,"skipped":0,"pct":25},"functions":{"total":1,"covered":1,"skipped":0,"pct":100},"statements":{"total":33,"covered":9,"skipped":0,"pct":27.27},"branches":{"total":30,"covered":4,"skipped":0,"pct":13.33}}
,"/home/runner/work/1plus1gold/1plus1gold/src/app/api/admin/orders/[id]/status/route.ts": {"lines":{"total":38,"covered":34,"skipped":0,"pct":89.47},"functions":{"total":1,"covered":1,"skipped":0,"pct":100},"statements":{"total":39,"covered":35,"skipped":0,"pct":89.74},"branches":{"total":26,"covered":22,"skipped":0,"pct":84.61}}
,"/home/runner/work/1plus1gold/1plus1gold/src/app/api/admin/promos/route.ts": {"lines":{"total":54,"covered":49,"skipped":0,"pct":90.74},"functions":{"total":8,"covered":6,"skipped":0,"pct":75},"statements":{"total":69,"covered":61,"skipped":0,"pct":88.4},"branches":{"total":77,"covered":59,"skipped":0,"pct":76.62}}
,"/home/runner/work/1plus1gold/1plus1gold/src/app/api/admin/referrals/route.ts": {"lines":{"total":31,"covered":31,"skipped":0,"pct":100},"functions":{"total":3,"covered":3,"skipped":0,"pct":100},"statements":{"total":44,"covered":43,"skipped":0,"pct":97.72},"branches":{"total":34,"covered":24,"skipped":0,"pct":70.58}}
,"/home/runner/work/1plus1gold/1plus1gold/src/app/api/admin/users/route.ts": {"lines":{"total":15,"covered":15,"skipped":0,"pct":100},"functions":{"total":5,"covered":5,"skipped":0,"pct":100},"statements":{"total":20,"covered":20,"skipped":0,"pct":100},"branches":{"total":24,"covered":24,"skipped":0,"pct":100}}
,"/home/runner/work/1plus1gold/1plus1gold/src/app/api/admin/users/[id]/gold-yield-toggle/route.ts": {"lines":{"total":12,"covered":12,"skipped":0,"pct":100},"functions":{"total":1,"covered":1,"skipped":0,"pct":100},"statements":{"total":14,"covered":14,"skipped":0,"pct":100},"branches":{"total":6,"covered":6,"skipped":0,"pct":100}}
,"/home/runner/work/1plus1gold/1plus1gold/src/app/api/auth/whatsapp-otp/route.ts": {"lines":{"total":37,"covered":22,"skipped":0,"pct":59.45},"functions":{"total":4,"covered":2,"skipped":0,"pct":50},"statements":{"total":40,"covered":22,"skipped":0,"pct":55},"branches":{"total":27,"covered":7,"skipped":0,"pct":25.92}}
,"/home/runner/work/1plus1gold/1plus1gold/src/app/api/cron/lalamove-status-poll/route.ts": {"lines":{"total":68,"covered":61,"skipped":0,"pct":89.7},"functions":{"total":6,"covered":4,"skipped":0,"pct":66.66},"statements":{"total":72,"covered":65,"skipped":0,"pct":90.27},"branches":{"total":62,"covered":53,"skipped":0,"pct":85.48}}
,"/home/runner/work/1plus1gold/1plus1gold/src/app/api/lalamove/quote/route.ts": {"lines":{"total":27,"covered":26,"skipped":0,"pct":96.29},"functions":{"total":1,"covered":1,"skipped":0,"pct":100},"statements":{"total":28,"covered":27,"skipped":0,"pct":96.42},"branches":{"total":27,"covered":25,"skipped":0,"pct":92.59}}
,"/home/runner/work/1plus1gold/1plus1gold/src/app/api/lalamove/webhook/route.ts": {"lines":{"total":157,"covered":97,"skipped":0,"pct":61.78},"functions":{"total":20,"covered":3,"skipped":0,"pct":15},"statements":{"total":171,"covered":99,"skipped":0,"pct":57.89},"branches":{"total":177,"covered":94,"skipped":0,"pct":53.1}}
,"/home/runner/work/1plus1gold/1plus1gold/src/app/api/payments/hitpay/create/route.ts": {"lines":{"total":143,"covered":119,"skipped":0,"pct":83.21},"functions":{"total":9,"covered":5,"skipped":0,"pct":55.55},"statements":{"total":169,"covered":139,"skipped":0,"pct":82.24},"branches":{"total":185,"covered":120,"skipped":0,"pct":64.86}}
,"/home/runner/work/1plus1gold/1plus1gold/src/app/api/payments/stripe/create-intent/route.ts": {"lines":{"total":154,"covered":123,"skipped":0,"pct":79.87},"functions":{"total":9,"covered":5,"skipped":0,"pct":55.55},"statements":{"total":184,"covered":148,"skipped":0,"pct":80.43},"branches":{"total":174,"covered":124,"skipped":0,"pct":71.26}}
,"/home/runner/work/1plus1gold/1plus1gold/src/app/api/promos/validate/route.ts": {"lines":{"total":45,"covered":37,"skipped":0,"pct":82.22},"functions":{"total":5,"covered":3,"skipped":0,"pct":60},"statements":{"total":48,"covered":40,"skipped":0,"pct":83.33},"branches":{"total":44,"covered":38,"skipped":0,"pct":86.36}}
,"/home/runner/work/1plus1gold/1plus1gold/src/app/api/referrals/validate/route.ts": {"lines":{"total":31,"covered":18,"skipped":0,"pct":58.06},"functions":{"total":3,"covered":1,"skipped":0,"pct":33.33},"statements":{"total":33,"covered":20,"skipped":0,"pct":60.6},"branches":{"total":24,"covered":10,"skipped":0,"pct":41.66}}
,"/home/runner/work/1plus1gold/1plus1gold/src/app/api/webhooks/hitpay/route.ts": {"lines":{"total":100,"covered":60,"skipped":0,"pct":60},"functions":{"total":4,"covered":3,"skipped":0,"pct":75},"statements":{"total":101,"covered":60,"skipped":0,"pct":59.4},"branches":{"total":91,"covered":41,"skipped":0,"pct":45.05}}
,"/home/runner/work/1plus1gold/1plus1gold/src/app/api/webhooks/stripe/route.ts": {"lines":{"total":107,"covered":90,"skipped":0,"pct":84.11},"functions":{"total":7,"covered":5,"skipped":0,"pct":71.42},"statements":{"total":114,"covered":93,"skipped":0,"pct":81.57},"branches":{"total":124,"covered":78,"skipped":0,"pct":62.9}}
,"/home/runner/work/1plus1gold/1plus1gold/src/lib/admin-auth.ts": {"lines":{"total":35,"covered":34,"skipped":0,"pct":97.14},"functions":{"total":5,"covered":5,"skipped":0,"pct":100},"statements":{"total":40,"covered":39,"skipped":0,"pct":97.5},"branches":{"total":23,"covered":23,"skipped":0,"pct":100}}
,"/home/runner/work/1plus1gold/1plus1gold/src/lib/ai-calculator.ts": {"lines":{"total":116,"covered":59,"skipped":0,"pct":50.86},"functions":{"total":39,"covered":18,"skipped":0,"pct":46.15},"statements":{"total":143,"covered":67,"skipped":0,"pct":46.85},"branches":{"total":93,"covered":39,"skipped":0,"pct":41.93}}
,"/home/runner/work/1plus1gold/1plus1gold/src/lib/buybacks.ts": {"lines":{"total":24,"covered":12,"skipped":0,"pct":50},"functions":{"total":7,"covered":6,"skipped":0,"pct":85.71},"statements":{"total":35,"covered":17,"skipped":0,"pct":48.57},"branches":{"total":38,"covered":7,"skipped":0,"pct":18.42}}
,"/home/runner/work/1plus1gold/1plus1gold/src/lib/conversions.ts": {"lines":{"total":23,"covered":20,"skipped":0,"pct":86.95},"functions":{"total":5,"covered":5,"skipped":0,"pct":100},"statements":{"total":27,"covered":23,"skipped":0,"pct":85.18},"branches":{"total":36,"covered":28,"skipped":0,"pct":77.77}}
,"/home/runner/work/1plus1gold/1plus1gold/src/lib/currency.ts": {"lines":{"total":5,"covered":5,"skipped":0,"pct":100},"functions":{"total":1,"covered":1,"skipped":0,"pct":100},"statements":{"total":5,"covered":5,"skipped":0,"pct":100},"branches":{"total":4,"covered":3,"skipped":0,"pct":75}}
,"/home/runner/work/1plus1gold/1plus1gold/src/lib/curve-accumulation.ts": {"lines":{"total":5,"covered":3,"skipped":0,"pct":60},"functions":{"total":1,"covered":1,"skipped":0,"pct":100},"statements":{"total":5,"covered":3,"skipped":0,"pct":60},"branches":{"total":4,"covered":3,"skipped":0,"pct":75}}
,"/home/runner/work/1plus1gold/1plus1gold/src/lib/discounts.ts": {"lines":{"total":23,"covered":23,"skipped":0,"pct":100},"functions":{"total":2,"covered":2,"skipped":0,"pct":100},"statements":{"total":24,"covered":24,"skipped":0,"pct":100},"branches":{"total":10,"covered":10,"skipped":0,"pct":100}}
,"/home/runner/work/1plus1gold/1plus1gold/src/lib/gold.ts": {"lines":{"total":72,"covered":71,"skipped":0,"pct":98.61},"functions":{"total":18,"covered":18,"skipped":0,"pct":100},"statements":{"total":88,"covered":87,"skipped":0,"pct":98.86},"branches":{"total":58,"covered":55,"skipped":0,"pct":94.82}}
,"/home/runner/work/1plus1gold/1plus1gold/src/lib/gy-calculator.ts": {"lines":{"total":48,"covered":48,"skipped":0,"pct":100},"functions":{"total":5,"covered":5,"skipped":0,"pct":100},"statements":{"total":52,"covered":52,"skipped":0,"pct":100},"branches":{"total":22,"covered":17,"skipped":0,"pct":77.27}}
,"/home/runner/work/1plus1gold/1plus1gold/src/lib/hitpay-conversion.ts": {"lines":{"total":67,"covered":0,"skipped":0,"pct":0},"functions":{"total":14,"covered":0,"skipped":0,"pct":0},"statements":{"total":75,"covered":0,"skipped":0,"pct":0},"branches":{"total":80,"covered":0,"skipped":0,"pct":0}}
,"/home/runner/work/1plus1gold/1plus1gold/src/lib/hitpay-order.ts": {"lines":{"total":88,"covered":84,"skipped":0,"pct":95.45},"functions":{"total":8,"covered":6,"skipped":0,"pct":75},"statements":{"total":92,"covered":86,"skipped":0,"pct":93.47},"branches":{"total":109,"covered":70,"skipped":0,"pct":64.22}}
,"/home/runner/work/1plus1gold/1plus1gold/src/lib/inventory-fulfilment.ts": {"lines":{"total":116,"covered":2,"skipped":0,"pct":1.72},"functions":{"total":14,"covered":1,"skipped":0,"pct":7.14},"statements":{"total":131,"covered":3,"skipped":0,"pct":2.29},"branches":{"total":78,"covered":1,"skipped":0,"pct":1.28}}
,"/home/runner/work/1plus1gold/1plus1gold/src/lib/inventory.ts": {"lines":{"total":7,"covered":7,"skipped":0,"pct":100},"functions":{"total":2,"covered":2,"skipped":0,"pct":100},"statements":{"total":12,"covered":12,"skipped":0,"pct":100},"branches":{"total":16,"covered":16,"skipped":0,"pct":100}}
,"/home/runner/work/1plus1gold/1plus1gold/src/lib/lalamove.ts": {"lines":{"total":76,"covered":57,"skipped":0,"pct":75},"functions":{"total":14,"covered":11,"skipped":0,"pct":78.57},"statements":{"total":79,"covered":59,"skipped":0,"pct":74.68},"branches":{"total":108,"covered":64,"skipped":0,"pct":59.25}}
,"/home/runner/work/1plus1gold/1plus1gold/src/lib/ledger.ts": {"lines":{"total":72,"covered":42,"skipped":0,"pct":58.33},"functions":{"total":5,"covered":4,"skipped":0,"pct":80},"statements":{"total":72,"covered":42,"skipped":0,"pct":58.33},"branches":{"total":68,"covered":44,"skipped":0,"pct":64.7}}
,"/home/runner/work/1plus1gold/1plus1gold/src/lib/ninjavan.ts": {"lines":{"total":80,"covered":35,"skipped":0,"pct":43.75},"functions":{"total":17,"covered":6,"skipped":0,"pct":35.29},"statements":{"total":87,"covered":42,"skipped":0,"pct":48.27},"branches":{"total":82,"covered":26,"skipped":0,"pct":31.7}}
,"/home/runner/work/1plus1gold/1plus1gold/src/lib/order-accessories.ts": {"lines":{"total":31,"covered":2,"skipped":0,"pct":6.45},"functions":{"total":6,"covered":2,"skipped":0,"pct":33.33},"statements":{"total":47,"covered":4,"skipped":0,"pct":8.51},"branches":{"total":40,"covered":2,"skipped":0,"pct":5}}
,"/home/runner/work/1plus1gold/1plus1gold/src/lib/order-item-product.ts": {"lines":{"total":3,"covered":2,"skipped":0,"pct":66.66},"functions":{"total":3,"covered":2,"skipped":0,"pct":66.66},"statements":{"total":5,"covered":3,"skipped":0,"pct":60},"branches":{"total":8,"covered":5,"skipped":0,"pct":62.5}}
,"/home/runner/work/1plus1gold/1plus1gold/src/lib/order-post-payment.ts": {"lines":{"total":65,"covered":62,"skipped":0,"pct":95.38},"functions":{"total":10,"covered":6,"skipped":0,"pct":60},"statements":{"total":76,"covered":70,"skipped":0,"pct":92.1},"branches":{"total":51,"covered":38,"skipped":0,"pct":74.5}}
,"/home/runner/work/1plus1gold/1plus1gold/src/lib/pdf-token.ts": {"lines":{"total":30,"covered":27,"skipped":0,"pct":90},"functions":{"total":6,"covered":5,"skipped":0,"pct":83.33},"statements":{"total":38,"covered":34,"skipped":0,"pct":89.47},"branches":{"total":19,"covered":18,"skipped":0,"pct":94.73}}
,"/home/runner/work/1plus1gold/1plus1gold/src/lib/premiums.ts": {"lines":{"total":15,"covered":15,"skipped":0,"pct":100},"functions":{"total":5,"covered":5,"skipped":0,"pct":100},"statements":{"total":19,"covered":19,"skipped":0,"pct":100},"branches":{"total":8,"covered":8,"skipped":0,"pct":100}}
,"/home/runner/work/1plus1gold/1plus1gold/src/lib/price-staleness.ts": {"lines":{"total":12,"covered":12,"skipped":0,"pct":100},"functions":{"total":2,"covered":2,"skipped":0,"pct":100},"statements":{"total":15,"covered":15,"skipped":0,"pct":100},"branches":{"total":22,"covered":21,"skipped":0,"pct":95.45}}
,"/home/runner/work/1plus1gold/1plus1gold/src/lib/products.ts": {"lines":{"total":2,"covered":2,"skipped":0,"pct":100},"functions":{"total":1,"covered":1,"skipped":0,"pct":100},"statements":{"total":3,"covered":3,"skipped":0,"pct":100},"branches":{"total":0,"covered":0,"skipped":0,"pct":100}}
,"/home/runner/work/1plus1gold/1plus1gold/src/lib/promo.ts": {"lines":{"total":16,"covered":16,"skipped":0,"pct":100},"functions":{"total":5,"covered":5,"skipped":0,"pct":100},"statements":{"total":17,"covered":17,"skipped":0,"pct":100},"branches":{"total":4,"covered":4,"skipped":0,"pct":100}}
,"/home/runner/work/1plus1gold/1plus1gold/src/lib/purchase-orders.ts": {"lines":{"total":25,"covered":25,"skipped":0,"pct":100},"functions":{"total":9,"covered":9,"skipped":0,"pct":100},"statements":{"total":30,"covered":30,"skipped":0,"pct":100},"branches":{"total":18,"covered":13,"skipped":0,"pct":72.22}}
,"/home/runner/work/1plus1gold/1plus1gold/src/lib/rate-limit.ts": {"lines":{"total":26,"covered":26,"skipped":0,"pct":100},"functions":{"total":3,"covered":3,"skipped":0,"pct":100},"statements":{"total":30,"covered":30,"skipped":0,"pct":100},"branches":{"total":14,"covered":14,"skipped":0,"pct":100}}
,"/home/runner/work/1plus1gold/1plus1gold/src/lib/recurring-expenses.ts": {"lines":{"total":27,"covered":25,"skipped":0,"pct":92.59},"functions":{"total":6,"covered":6,"skipped":0,"pct":100},"statements":{"total":31,"covered":29,"skipped":0,"pct":93.54},"branches":{"total":14,"covered":13,"skipped":0,"pct":92.85}}
,"/home/runner/work/1plus1gold/1plus1gold/src/lib/shipper-schedule.ts": {"lines":{"total":36,"covered":28,"skipped":0,"pct":77.77},"functions":{"total":12,"covered":8,"skipped":0,"pct":66.66},"statements":{"total":48,"covered":36,"skipped":0,"pct":75},"branches":{"total":41,"covered":26,"skipped":0,"pct":63.41}}
,"/home/runner/work/1plus1gold/1plus1gold/src/lib/ai/build-prompt.ts": {"lines":{"total":33,"covered":24,"skipped":0,"pct":72.72},"functions":{"total":3,"covered":2,"skipped":0,"pct":66.66},"statements":{"total":36,"covered":26,"skipped":0,"pct":72.22},"branches":{"total":18,"covered":11,"skipped":0,"pct":61.11}}
,"/home/runner/work/1plus1gold/1plus1gold/src/lib/ai/persona.ts": {"lines":{"total":9,"covered":9,"skipped":0,"pct":100},"functions":{"total":2,"covered":2,"skipped":0,"pct":100},"statements":{"total":10,"covered":10,"skipped":0,"pct":100},"branches":{"total":2,"covered":2,"skipped":0,"pct":100}}
,"/home/runner/work/1plus1gold/1plus1gold/src/lib/ai/registry.ts": {"lines":{"total":27,"covered":8,"skipped":0,"pct":29.62},"functions":{"total":5,"covered":1,"skipped":0,"pct":20},"statements":{"total":29,"covered":8,"skipped":0,"pct":27.58},"branches":{"total":32,"covered":8,"skipped":0,"pct":25}}
,"/home/runner/work/1plus1gold/1plus1gold/src/lib/ai/snapshot.ts": {"lines":{"total":10,"covered":3,"skipped":0,"pct":30},"functions":{"total":3,"covered":1,"skipped":0,"pct":33.33},"statements":{"total":11,"covered":3,"skipped":0,"pct":27.27},"branches":{"total":8,"covered":0,"skipped":0,"pct":0}}
,"/home/runner/work/1plus1gold/1plus1gold/src/lib/auth/otp-utils.ts": {"lines":{"total":15,"covered":15,"skipped":0,"pct":100},"functions":{"total":2,"covered":2,"skipped":0,"pct":100},"statements":{"total":15,"covered":15,"skipped":0,"pct":100},"branches":{"total":7,"covered":7,"skipped":0,"pct":100}}
,"/home/runner/work/1plus1gold/1plus1gold/src/lib/auth/phone-utils.ts": {"lines":{"total":14,"covered":7,"skipped":0,"pct":50},"functions":{"total":6,"covered":4,"skipped":0,"pct":66.66},"statements":{"total":17,"covered":8,"skipped":0,"pct":47.05},"branches":{"total":8,"covered":4,"skipped":0,"pct":50}}
,"/home/runner/work/1plus1gold/1plus1gold/src/lib/kyc/constants.ts": {"lines":{"total":3,"covered":3,"skipped":0,"pct":100},"functions":{"total":0,"covered":0,"skipped":0,"pct":100},"statements":{"total":3,"covered":3,"skipped":0,"pct":100},"branches":{"total":0,"covered":0,"skipped":0,"pct":100}}
,"/home/runner/work/1plus1gold/1plus1gold/src/lib/voice/personas.ts": {"lines":{"total":10,"covered":7,"skipped":0,"pct":70},"functions":{"total":2,"covered":1,"skipped":0,"pct":50},"statements":{"total":11,"covered":7,"skipped":0,"pct":63.63},"branches":{"total":12,"covered":6,"skipped":0,"pct":50}}
,"/home/runner/work/1plus1gold/1plus1gold/src/lib/voice/realtime-prompt.ts": {"lines":{"total":11,"covered":9,"skipped":0,"pct":81.81},"functions":{"total":3,"covered":2,"skipped":0,"pct":66.66},"statements":{"total":11,"covered":9,"skipped":0,"pct":81.81},"branches":{"total":7,"covered":4,"skipped":0,"pct":57.14}}
,"/home/runner/work/1plus1gold/1plus1gold/src/lib/voice/realtime.ts": {"lines":{"total":202,"covered":59,"skipped":0,"pct":29.2},"functions":{"total":26,"covered":4,"skipped":0,"pct":15.38},"statements":{"total":231,"covered":63,"skipped":0,"pct":27.27},"branches":{"total":152,"covered":30,"skipped":0,"pct":19.73}}
,"/home/runner/work/1plus1gold/1plus1gold/src/lib/voice/sentence-buffer.ts": {"lines":{"total":19,"covered":19,"skipped":0,"pct":100},"functions":{"total":3,"covered":3,"skipped":0,"pct":100},"statements":{"total":21,"covered":21,"skipped":0,"pct":100},"branches":{"total":8,"covered":7,"skipped":0,"pct":87.5}}
,"/home/runner/work/1plus1gold/1plus1gold/src/store/currencyStore.ts": {"lines":{"total":38,"covered":24,"skipped":0,"pct":63.15},"functions":{"total":19,"covered":13,"skipped":0,"pct":68.42},"statements":{"total":51,"covered":30,"skipped":0,"pct":58.82},"branches":{"total":26,"covered":15,"skipped":0,"pct":57.69}}
}
